[0.030s] Invoking command in '/root/IsaacSim-ros2_workspace/build/isaac_ros2_messages': CMAKE_PREFIX_PATH=${CMAKE_PREFIX_PATH}:/opt/ros/jazzy /usr/bin/cmake /root/IsaacSim-ros2_workspace/jazzy_ws/src/isaac_ros2_messages -DCMAKE_INSTALL_PREFIX=/root/IsaacSim-ros2_workspace/install/isaac_ros2_messages
[0.206s] -- The C compiler identification is GNU 13.3.0
[0.394s] -- The CXX compiler identification is GNU 13.3.0
[0.537s] -- Detecting C compiler ABI info
[0.649s] -- Detecting C compiler ABI info - done
[0.654s] -- Check for working C compiler: /usr/bin/cc - skipped
[0.654s] -- Detecting C compile features
[0.654s] -- Detecting C compile features - done
[0.685s] -- Detecting CXX compiler ABI info
[0.783s] -- Detecting CXX compiler ABI info - done
[0.788s] -- Check for working CXX compiler: /usr/bin/c++ - skipped
[0.789s] -- Detecting CXX compile features
[0.789s] -- Detecting CXX compile features - done
[0.790s] -- Found ament_cmake: 2.5.4 (/opt/ros/jazzy/share/ament_cmake/cmake)
[0.873s] -- Found Python3: /usr/bin/python3 (found version "3.12.3") found components: Interpreter 
[0.937s] -- Found ament_lint_auto: 0.17.3 (/opt/ros/jazzy/share/ament_lint_auto/cmake)
[1.010s] -- Found builtin_interfaces: 2.0.3 (/opt/ros/jazzy/share/builtin_interfaces/cmake)
[1.081s] -- Found rosidl_generator_c: 4.6.6 (/opt/ros/jazzy/share/rosidl_generator_c/cmake)
[1.089s] -- Found rosidl_generator_cpp: 4.6.6 (/opt/ros/jazzy/share/rosidl_generator_cpp/cmake)
[1.096s] -- Using all available rosidl_typesupport_c: rosidl_typesupport_fastrtps_c;rosidl_typesupport_introspection_c
[1.104s] -- Using all available rosidl_typesupport_cpp: rosidl_typesupport_fastrtps_cpp;rosidl_typesupport_introspection_cpp
[1.114s] -- Found rosidl_default_generators: 1.6.0 (/opt/ros/jazzy/share/rosidl_default_generators/cmake)
[1.120s] -- Found rosidl_adapter: 4.6.6 (/opt/ros/jazzy/share/rosidl_adapter/cmake)
[1.153s] -- Found OpenSSL: /usr/lib/x86_64-linux-gnu/libcrypto.so (found version "3.0.13")  
[1.154s] -- Found std_msgs: 5.3.6 (/opt/ros/jazzy/share/std_msgs/cmake)
[1.164s] -- Found geometry_msgs: 5.3.6 (/opt/ros/jazzy/share/geometry_msgs/cmake)
[1.463s] -- Found ament_cmake_ros: 0.12.0 (/opt/ros/jazzy/share/ament_cmake_ros/cmake)
[1.883s] -- Using all available rosidl_typesupport_c: rosidl_typesupport_fastrtps_c;rosidl_typesupport_introspection_c
[2.051s] -- Using all available rosidl_typesupport_cpp: rosidl_typesupport_fastrtps_cpp;rosidl_typesupport_introspection_cpp
[2.052s] -- Found python_cmake_module: 0.11.1 (/opt/ros/jazzy/share/python_cmake_module/cmake)
[2.120s] -- Found PythonExtra: /usr/bin/python3  
[2.343s] -- Found Python3: /usr/bin/python3 (found version "3.12.3") found components: Interpreter Development NumPy Development.Module Development.Embed 
[2.373s] -- Added test 'copyright' to check source files copyright and LICENSE
[2.373s] -- Added test 'lint_cmake' to check CMake code style
[2.374s] -- Added test 'xmllint' to check XML markup files
[2.379s] -- Configuring done (2.3s)
[2.418s] -- Generating done (0.0s)
[2.428s] -- Build files have been written to: /root/IsaacSim-ros2_workspace/build/isaac_ros2_messages
