/root/IsaacSim-ros2_workspace/install/isaac_ros_navigation_goal/lib/python3.12/site-packages/isaac_ros_navigation_goal/obstacle_map.py
/root/IsaacSim-ros2_workspace/install/isaac_ros_navigation_goal/lib/python3.12/site-packages/isaac_ros_navigation_goal/set_goal.py
/root/IsaacSim-ros2_workspace/install/isaac_ros_navigation_goal/lib/python3.12/site-packages/isaac_ros_navigation_goal/__init__.py
/root/IsaacSim-ros2_workspace/install/isaac_ros_navigation_goal/lib/python3.12/site-packages/isaac_ros_navigation_goal/goal_generators/goal_reader.py
/root/IsaacSim-ros2_workspace/install/isaac_ros_navigation_goal/lib/python3.12/site-packages/isaac_ros_navigation_goal/goal_generators/goal_generator.py
/root/IsaacSim-ros2_workspace/install/isaac_ros_navigation_goal/lib/python3.12/site-packages/isaac_ros_navigation_goal/goal_generators/__init__.py
/root/IsaacSim-ros2_workspace/install/isaac_ros_navigation_goal/lib/python3.12/site-packages/isaac_ros_navigation_goal/goal_generators/random_goal_generator.py
/root/IsaacSim-ros2_workspace/install/isaac_ros_navigation_goal/lib/python3.12/site-packages/isaac_ros_navigation_goal/__pycache__/obstacle_map.cpython-312.pyc
/root/IsaacSim-ros2_workspace/install/isaac_ros_navigation_goal/lib/python3.12/site-packages/isaac_ros_navigation_goal/__pycache__/set_goal.cpython-312.pyc
/root/IsaacSim-ros2_workspace/install/isaac_ros_navigation_goal/lib/python3.12/site-packages/isaac_ros_navigation_goal/__pycache__/__init__.cpython-312.pyc
/root/IsaacSim-ros2_workspace/install/isaac_ros_navigation_goal/lib/python3.12/site-packages/isaac_ros_navigation_goal/goal_generators/__pycache__/goal_reader.cpython-312.pyc
/root/IsaacSim-ros2_workspace/install/isaac_ros_navigation_goal/lib/python3.12/site-packages/isaac_ros_navigation_goal/goal_generators/__pycache__/goal_generator.cpython-312.pyc
/root/IsaacSim-ros2_workspace/install/isaac_ros_navigation_goal/lib/python3.12/site-packages/isaac_ros_navigation_goal/goal_generators/__pycache__/__init__.cpython-312.pyc
/root/IsaacSim-ros2_workspace/install/isaac_ros_navigation_goal/lib/python3.12/site-packages/isaac_ros_navigation_goal/goal_generators/__pycache__/random_goal_generator.cpython-312.pyc
/root/IsaacSim-ros2_workspace/install/isaac_ros_navigation_goal/share/ament_index/resource_index/packages/isaac_ros_navigation_goal
/root/IsaacSim-ros2_workspace/install/isaac_ros_navigation_goal/share/isaac_ros_navigation_goal/package.xml
/root/IsaacSim-ros2_workspace/install/isaac_ros_navigation_goal/share/isaac_ros_navigation_goal/launch/isaac_ros_navigation_goal.launch.py
/root/IsaacSim-ros2_workspace/install/isaac_ros_navigation_goal/share/isaac_ros_navigation_goal/assets/goals.txt
/root/IsaacSim-ros2_workspace/install/isaac_ros_navigation_goal/share/isaac_ros_navigation_goal/assets/carter_warehouse_navigation.yaml
/root/IsaacSim-ros2_workspace/install/isaac_ros_navigation_goal/share/isaac_ros_navigation_goal/assets/carter_warehouse_navigation.png
/root/IsaacSim-ros2_workspace/install/isaac_ros_navigation_goal/lib/python3.12/site-packages/isaac_ros_navigation_goal-0.0.1-py3.12.egg-info/dependency_links.txt
/root/IsaacSim-ros2_workspace/install/isaac_ros_navigation_goal/lib/python3.12/site-packages/isaac_ros_navigation_goal-0.0.1-py3.12.egg-info/SOURCES.txt
/root/IsaacSim-ros2_workspace/install/isaac_ros_navigation_goal/lib/python3.12/site-packages/isaac_ros_navigation_goal-0.0.1-py3.12.egg-info/top_level.txt
/root/IsaacSim-ros2_workspace/install/isaac_ros_navigation_goal/lib/python3.12/site-packages/isaac_ros_navigation_goal-0.0.1-py3.12.egg-info/requires.txt
/root/IsaacSim-ros2_workspace/install/isaac_ros_navigation_goal/lib/python3.12/site-packages/isaac_ros_navigation_goal-0.0.1-py3.12.egg-info/PKG-INFO
/root/IsaacSim-ros2_workspace/install/isaac_ros_navigation_goal/lib/python3.12/site-packages/isaac_ros_navigation_goal-0.0.1-py3.12.egg-info/entry_points.txt
/root/IsaacSim-ros2_workspace/install/isaac_ros_navigation_goal/lib/python3.12/site-packages/isaac_ros_navigation_goal-0.0.1-py3.12.egg-info/zip-safe
/root/IsaacSim-ros2_workspace/install/isaac_ros_navigation_goal/lib/isaac_ros_navigation_goal/SetNavigationGoal
