[0.195s] DEBUG:colcon:Command line arguments: ['/usr/bin/colcon', 'build']
[0.195s] DEBUG:colcon:Parsed command line arguments: Namespace(log_base=None, log_level=None, verb_name='build', build_base='build', install_base='install', merge_install=False, symlink_install=False, test_result_base=None, continue_on_error=False, executor='parallel', parallel_workers=32, event_handlers=None, ignore_user_meta=False, metas=['./colcon.meta'], base_paths=['.'], packages_ignore=None, packages_ignore_regex=None, paths=None, packages_up_to=None, packages_up_to_regex=None, packages_above=None, packages_above_and_dependencies=None, packages_above_depth=None, packages_select_by_dep=None, packages_skip_by_dep=None, packages_skip_up_to=None, packages_select_build_failed=False, packages_skip_build_finished=False, packages_select_test_failures=False, packages_skip_test_passed=False, packages_select=None, packages_skip=None, packages_select_regex=None, packages_skip_regex=None, packages_start=None, packages_end=None, allow_overriding=[], cmake_args=None, cmake_target=None, cmake_target_skip_unavailable=False, cmake_clean_cache=False, cmake_clean_first=False, cmake_force_configure=False, ament_cmake_args=None, catkin_cmake_args=None, catkin_skip_building_tests=False, mixin_files=None, mixin=None, verb_parser=<colcon_mixin.mixin.mixin_argument.MixinArgumentDecorator object at 0x78997277d100>, verb_extension=<colcon_core.verb.build.BuildVerb object at 0x78997277cc20>, main=<bound method BuildVerb.main of <colcon_core.verb.build.BuildVerb object at 0x78997277cc20>>, mixin_verb=('build',))
[0.219s] Level 1:colcon.colcon_core.package_discovery:discover_packages(colcon_meta) check parameters
[0.219s] Level 1:colcon.colcon_core.package_discovery:discover_packages(recursive) check parameters
[0.219s] Level 1:colcon.colcon_core.package_discovery:discover_packages(ignore) check parameters
[0.219s] Level 1:colcon.colcon_core.package_discovery:discover_packages(path) check parameters
[0.219s] Level 1:colcon.colcon_core.package_discovery:discover_packages(colcon_meta) discover
[0.219s] Level 1:colcon.colcon_core.package_discovery:discover_packages(recursive) discover
[0.219s] INFO:colcon.colcon_core.package_discovery:Crawling recursively for packages in '/root/IsaacSim-ros2_workspace'
[0.219s] Level 1:colcon.colcon_core.package_identification:_identify(.) by extensions ['ignore', 'ignore_ament_install']
[0.219s] Level 1:colcon.colcon_core.package_identification:_identify(.) by extension 'ignore'
[0.219s] Level 1:colcon.colcon_core.package_identification:_identify(.) by extension 'ignore_ament_install'
[0.219s] Level 1:colcon.colcon_core.package_identification:_identify(.) by extensions ['colcon_pkg']
[0.219s] Level 1:colcon.colcon_core.package_identification:_identify(.) by extension 'colcon_pkg'
[0.219s] Level 1:colcon.colcon_core.package_identification:_identify(.) by extensions ['colcon_meta']
[0.219s] Level 1:colcon.colcon_core.package_identification:_identify(.) by extension 'colcon_meta'
[0.219s] Level 1:colcon.colcon_core.package_identification:_identify(.) by extensions ['ros']
[0.219s] Level 1:colcon.colcon_core.package_identification:_identify(.) by extension 'ros'
[0.232s] Level 1:colcon.colcon_core.package_identification:_identify(.) by extensions ['cmake', 'python']
[0.232s] Level 1:colcon.colcon_core.package_identification:_identify(.) by extension 'cmake'
[0.232s] Level 1:colcon.colcon_core.package_identification:_identify(.) by extension 'python'
[0.232s] Level 1:colcon.colcon_core.package_identification:_identify(.) by extensions ['python_setup_py']
[0.232s] Level 1:colcon.colcon_core.package_identification:_identify(.) by extension 'python_setup_py'
[0.232s] Level 1:colcon.colcon_core.package_identification:_identify(build) by extensions ['ignore', 'ignore_ament_install']
[0.233s] Level 1:colcon.colcon_core.package_identification:_identify(build) by extension 'ignore'
[0.233s] Level 1:colcon.colcon_core.package_identification:_identify(build) ignored
[0.233s] Level 1:colcon.colcon_core.package_identification:_identify(dockerfiles) by extensions ['ignore', 'ignore_ament_install']
[0.233s] Level 1:colcon.colcon_core.package_identification:_identify(dockerfiles) by extension 'ignore'
[0.233s] Level 1:colcon.colcon_core.package_identification:_identify(dockerfiles) by extension 'ignore_ament_install'
[0.233s] Level 1:colcon.colcon_core.package_identification:_identify(dockerfiles) by extensions ['colcon_pkg']
[0.233s] Level 1:colcon.colcon_core.package_identification:_identify(dockerfiles) by extension 'colcon_pkg'
[0.233s] Level 1:colcon.colcon_core.package_identification:_identify(dockerfiles) by extensions ['colcon_meta']
[0.233s] Level 1:colcon.colcon_core.package_identification:_identify(dockerfiles) by extension 'colcon_meta'
[0.233s] Level 1:colcon.colcon_core.package_identification:_identify(dockerfiles) by extensions ['ros']
[0.233s] Level 1:colcon.colcon_core.package_identification:_identify(dockerfiles) by extension 'ros'
[0.233s] Level 1:colcon.colcon_core.package_identification:_identify(dockerfiles) by extensions ['cmake', 'python']
[0.233s] Level 1:colcon.colcon_core.package_identification:_identify(dockerfiles) by extension 'cmake'
[0.233s] Level 1:colcon.colcon_core.package_identification:_identify(dockerfiles) by extension 'python'
[0.233s] Level 1:colcon.colcon_core.package_identification:_identify(dockerfiles) by extensions ['python_setup_py']
[0.233s] Level 1:colcon.colcon_core.package_identification:_identify(dockerfiles) by extension 'python_setup_py'
[0.233s] Level 1:colcon.colcon_core.package_identification:_identify(humble_ws) by extensions ['ignore', 'ignore_ament_install']
[0.233s] Level 1:colcon.colcon_core.package_identification:_identify(humble_ws) by extension 'ignore'
[0.233s] Level 1:colcon.colcon_core.package_identification:_identify(humble_ws) by extension 'ignore_ament_install'
[0.233s] Level 1:colcon.colcon_core.package_identification:_identify(humble_ws) by extensions ['colcon_pkg']
[0.234s] Level 1:colcon.colcon_core.package_identification:_identify(humble_ws) by extension 'colcon_pkg'
[0.234s] Level 1:colcon.colcon_core.package_identification:_identify(humble_ws) by extensions ['colcon_meta']
[0.234s] Level 1:colcon.colcon_core.package_identification:_identify(humble_ws) by extension 'colcon_meta'
[0.234s] Level 1:colcon.colcon_core.package_identification:_identify(humble_ws) by extensions ['ros']
[0.234s] Level 1:colcon.colcon_core.package_identification:_identify(humble_ws) by extension 'ros'
[0.234s] Level 1:colcon.colcon_core.package_identification:_identify(humble_ws) by extensions ['cmake', 'python']
[0.234s] Level 1:colcon.colcon_core.package_identification:_identify(humble_ws) by extension 'cmake'
[0.234s] Level 1:colcon.colcon_core.package_identification:_identify(humble_ws) by extension 'python'
[0.234s] Level 1:colcon.colcon_core.package_identification:_identify(humble_ws) by extensions ['python_setup_py']
[0.234s] Level 1:colcon.colcon_core.package_identification:_identify(humble_ws) by extension 'python_setup_py'
[0.234s] Level 1:colcon.colcon_core.package_identification:_identify(humble_ws/src) by extensions ['ignore', 'ignore_ament_install']
[0.234s] Level 1:colcon.colcon_core.package_identification:_identify(humble_ws/src) by extension 'ignore'
[0.234s] Level 1:colcon.colcon_core.package_identification:_identify(humble_ws/src) by extension 'ignore_ament_install'
[0.234s] Level 1:colcon.colcon_core.package_identification:_identify(humble_ws/src) by extensions ['colcon_pkg']
[0.234s] Level 1:colcon.colcon_core.package_identification:_identify(humble_ws/src) by extension 'colcon_pkg'
[0.234s] Level 1:colcon.colcon_core.package_identification:_identify(humble_ws/src) by extensions ['colcon_meta']
[0.234s] Level 1:colcon.colcon_core.package_identification:_identify(humble_ws/src) by extension 'colcon_meta'
[0.234s] Level 1:colcon.colcon_core.package_identification:_identify(humble_ws/src) by extensions ['ros']
[0.234s] Level 1:colcon.colcon_core.package_identification:_identify(humble_ws/src) by extension 'ros'
[0.234s] Level 1:colcon.colcon_core.package_identification:_identify(humble_ws/src) by extensions ['cmake', 'python']
[0.234s] Level 1:colcon.colcon_core.package_identification:_identify(humble_ws/src) by extension 'cmake'
[0.234s] Level 1:colcon.colcon_core.package_identification:_identify(humble_ws/src) by extension 'python'
[0.234s] Level 1:colcon.colcon_core.package_identification:_identify(humble_ws/src) by extensions ['python_setup_py']
[0.234s] Level 1:colcon.colcon_core.package_identification:_identify(humble_ws/src) by extension 'python_setup_py'
[0.235s] Level 1:colcon.colcon_core.package_identification:_identify(humble_ws/src/ackermann_control) by extensions ['ignore', 'ignore_ament_install']
[0.235s] Level 1:colcon.colcon_core.package_identification:_identify(humble_ws/src/ackermann_control) by extension 'ignore'
[0.235s] Level 1:colcon.colcon_core.package_identification:_identify(humble_ws/src/ackermann_control) by extension 'ignore_ament_install'
[0.235s] Level 1:colcon.colcon_core.package_identification:_identify(humble_ws/src/ackermann_control) by extensions ['colcon_pkg']
[0.235s] Level 1:colcon.colcon_core.package_identification:_identify(humble_ws/src/ackermann_control) by extension 'colcon_pkg'
[0.235s] Level 1:colcon.colcon_core.package_identification:_identify(humble_ws/src/ackermann_control) by extensions ['colcon_meta']
[0.235s] Level 1:colcon.colcon_core.package_identification:_identify(humble_ws/src/ackermann_control) by extension 'colcon_meta'
[0.235s] Level 1:colcon.colcon_core.package_identification:_identify(humble_ws/src/ackermann_control) by extensions ['ros']
[0.235s] Level 1:colcon.colcon_core.package_identification:_identify(humble_ws/src/ackermann_control) by extension 'ros'
[0.235s] Level 1:colcon.colcon_core.package_identification:_identify(humble_ws/src/ackermann_control) by extensions ['cmake', 'python']
[0.235s] Level 1:colcon.colcon_core.package_identification:_identify(humble_ws/src/ackermann_control) by extension 'cmake'
[0.235s] Level 1:colcon.colcon_core.package_identification:_identify(humble_ws/src/ackermann_control) by extension 'python'
[0.235s] Level 1:colcon.colcon_core.package_identification:_identify(humble_ws/src/ackermann_control) by extensions ['python_setup_py']
[0.235s] Level 1:colcon.colcon_core.package_identification:_identify(humble_ws/src/ackermann_control) by extension 'python_setup_py'
[0.235s] Level 1:colcon.colcon_core.package_identification:_identify(humble_ws/src/ackermann_control/cmdvel_to_ackermann) by extensions ['ignore', 'ignore_ament_install']
[0.235s] Level 1:colcon.colcon_core.package_identification:_identify(humble_ws/src/ackermann_control/cmdvel_to_ackermann) by extension 'ignore'
[0.235s] Level 1:colcon.colcon_core.package_identification:_identify(humble_ws/src/ackermann_control/cmdvel_to_ackermann) by extension 'ignore_ament_install'
[0.235s] Level 1:colcon.colcon_core.package_identification:_identify(humble_ws/src/ackermann_control/cmdvel_to_ackermann) by extensions ['colcon_pkg']
[0.235s] Level 1:colcon.colcon_core.package_identification:_identify(humble_ws/src/ackermann_control/cmdvel_to_ackermann) by extension 'colcon_pkg'
[0.235s] Level 1:colcon.colcon_core.package_identification:_identify(humble_ws/src/ackermann_control/cmdvel_to_ackermann) by extensions ['colcon_meta']
[0.235s] Level 1:colcon.colcon_core.package_identification:_identify(humble_ws/src/ackermann_control/cmdvel_to_ackermann) by extension 'colcon_meta'
[0.236s] Level 1:colcon.colcon_core.package_identification:_identify(humble_ws/src/ackermann_control/cmdvel_to_ackermann) by extensions ['ros']
[0.236s] Level 1:colcon.colcon_core.package_identification:_identify(humble_ws/src/ackermann_control/cmdvel_to_ackermann) by extension 'ros'
[0.238s] DEBUG:colcon.colcon_core.package_identification:Package 'humble_ws/src/ackermann_control/cmdvel_to_ackermann' with type 'ros.ament_cmake' and name 'cmdvel_to_ackermann'
[0.238s] Level 1:colcon.colcon_core.package_identification:_identify(humble_ws/src/custom_message) by extensions ['ignore', 'ignore_ament_install']
[0.238s] Level 1:colcon.colcon_core.package_identification:_identify(humble_ws/src/custom_message) by extension 'ignore'
[0.238s] Level 1:colcon.colcon_core.package_identification:_identify(humble_ws/src/custom_message) by extension 'ignore_ament_install'
[0.238s] Level 1:colcon.colcon_core.package_identification:_identify(humble_ws/src/custom_message) by extensions ['colcon_pkg']
[0.238s] Level 1:colcon.colcon_core.package_identification:_identify(humble_ws/src/custom_message) by extension 'colcon_pkg'
[0.238s] Level 1:colcon.colcon_core.package_identification:_identify(humble_ws/src/custom_message) by extensions ['colcon_meta']
[0.239s] Level 1:colcon.colcon_core.package_identification:_identify(humble_ws/src/custom_message) by extension 'colcon_meta'
[0.239s] Level 1:colcon.colcon_core.package_identification:_identify(humble_ws/src/custom_message) by extensions ['ros']
[0.239s] Level 1:colcon.colcon_core.package_identification:_identify(humble_ws/src/custom_message) by extension 'ros'
[0.239s] DEBUG:colcon.colcon_core.package_identification:Package 'humble_ws/src/custom_message' with type 'ros.ament_cmake' and name 'custom_message'
[0.239s] Level 1:colcon.colcon_core.package_identification:_identify(humble_ws/src/humanoid_locomotion_policy_example) by extensions ['ignore', 'ignore_ament_install']
[0.239s] Level 1:colcon.colcon_core.package_identification:_identify(humble_ws/src/humanoid_locomotion_policy_example) by extension 'ignore'
[0.239s] Level 1:colcon.colcon_core.package_identification:_identify(humble_ws/src/humanoid_locomotion_policy_example) by extension 'ignore_ament_install'
[0.239s] Level 1:colcon.colcon_core.package_identification:_identify(humble_ws/src/humanoid_locomotion_policy_example) by extensions ['colcon_pkg']
[0.239s] Level 1:colcon.colcon_core.package_identification:_identify(humble_ws/src/humanoid_locomotion_policy_example) by extension 'colcon_pkg'
[0.239s] Level 1:colcon.colcon_core.package_identification:_identify(humble_ws/src/humanoid_locomotion_policy_example) by extensions ['colcon_meta']
[0.239s] Level 1:colcon.colcon_core.package_identification:_identify(humble_ws/src/humanoid_locomotion_policy_example) by extension 'colcon_meta'
[0.239s] Level 1:colcon.colcon_core.package_identification:_identify(humble_ws/src/humanoid_locomotion_policy_example) by extensions ['ros']
[0.239s] Level 1:colcon.colcon_core.package_identification:_identify(humble_ws/src/humanoid_locomotion_policy_example) by extension 'ros'
[0.240s] Level 1:colcon.colcon_core.package_identification:_identify(humble_ws/src/humanoid_locomotion_policy_example) by extensions ['cmake', 'python']
[0.240s] Level 1:colcon.colcon_core.package_identification:_identify(humble_ws/src/humanoid_locomotion_policy_example) by extension 'cmake'
[0.240s] Level 1:colcon.colcon_core.package_identification:_identify(humble_ws/src/humanoid_locomotion_policy_example) by extension 'python'
[0.240s] Level 1:colcon.colcon_core.package_identification:_identify(humble_ws/src/humanoid_locomotion_policy_example) by extensions ['python_setup_py']
[0.240s] Level 1:colcon.colcon_core.package_identification:_identify(humble_ws/src/humanoid_locomotion_policy_example) by extension 'python_setup_py'
[0.240s] Level 1:colcon.colcon_core.package_identification:_identify(humble_ws/src/humanoid_locomotion_policy_example/h1_fullbody_controller) by extensions ['ignore', 'ignore_ament_install']
[0.240s] Level 1:colcon.colcon_core.package_identification:_identify(humble_ws/src/humanoid_locomotion_policy_example/h1_fullbody_controller) by extension 'ignore'
[0.240s] Level 1:colcon.colcon_core.package_identification:_identify(humble_ws/src/humanoid_locomotion_policy_example/h1_fullbody_controller) by extension 'ignore_ament_install'
[0.240s] Level 1:colcon.colcon_core.package_identification:_identify(humble_ws/src/humanoid_locomotion_policy_example/h1_fullbody_controller) by extensions ['colcon_pkg']
[0.240s] Level 1:colcon.colcon_core.package_identification:_identify(humble_ws/src/humanoid_locomotion_policy_example/h1_fullbody_controller) by extension 'colcon_pkg'
[0.240s] Level 1:colcon.colcon_core.package_identification:_identify(humble_ws/src/humanoid_locomotion_policy_example/h1_fullbody_controller) by extensions ['colcon_meta']
[0.240s] Level 1:colcon.colcon_core.package_identification:_identify(humble_ws/src/humanoid_locomotion_policy_example/h1_fullbody_controller) by extension 'colcon_meta'
[0.240s] Level 1:colcon.colcon_core.package_identification:_identify(humble_ws/src/humanoid_locomotion_policy_example/h1_fullbody_controller) by extensions ['ros']
[0.240s] Level 1:colcon.colcon_core.package_identification:_identify(humble_ws/src/humanoid_locomotion_policy_example/h1_fullbody_controller) by extension 'ros'
[0.241s] DEBUG:colcon.colcon_core.package_identification:Package 'humble_ws/src/humanoid_locomotion_policy_example/h1_fullbody_controller' with type 'ros.ament_cmake' and name 'h1_fullbody_controller'
[0.241s] Level 1:colcon.colcon_core.package_identification:_identify(humble_ws/src/isaac_ros2_messages) by extensions ['ignore', 'ignore_ament_install']
[0.241s] Level 1:colcon.colcon_core.package_identification:_identify(humble_ws/src/isaac_ros2_messages) by extension 'ignore'
[0.241s] Level 1:colcon.colcon_core.package_identification:_identify(humble_ws/src/isaac_ros2_messages) by extension 'ignore_ament_install'
[0.241s] Level 1:colcon.colcon_core.package_identification:_identify(humble_ws/src/isaac_ros2_messages) by extensions ['colcon_pkg']
[0.241s] Level 1:colcon.colcon_core.package_identification:_identify(humble_ws/src/isaac_ros2_messages) by extension 'colcon_pkg'
[0.241s] Level 1:colcon.colcon_core.package_identification:_identify(humble_ws/src/isaac_ros2_messages) by extensions ['colcon_meta']
[0.241s] Level 1:colcon.colcon_core.package_identification:_identify(humble_ws/src/isaac_ros2_messages) by extension 'colcon_meta'
[0.241s] Level 1:colcon.colcon_core.package_identification:_identify(humble_ws/src/isaac_ros2_messages) by extensions ['ros']
[0.241s] Level 1:colcon.colcon_core.package_identification:_identify(humble_ws/src/isaac_ros2_messages) by extension 'ros'
[0.242s] DEBUG:colcon.colcon_core.package_identification:Package 'humble_ws/src/isaac_ros2_messages' with type 'ros.ament_cmake' and name 'isaac_ros2_messages'
[0.242s] Level 1:colcon.colcon_core.package_identification:_identify(humble_ws/src/isaac_tutorials) by extensions ['ignore', 'ignore_ament_install']
[0.242s] Level 1:colcon.colcon_core.package_identification:_identify(humble_ws/src/isaac_tutorials) by extension 'ignore'
[0.242s] Level 1:colcon.colcon_core.package_identification:_identify(humble_ws/src/isaac_tutorials) by extension 'ignore_ament_install'
[0.242s] Level 1:colcon.colcon_core.package_identification:_identify(humble_ws/src/isaac_tutorials) by extensions ['colcon_pkg']
[0.242s] Level 1:colcon.colcon_core.package_identification:_identify(humble_ws/src/isaac_tutorials) by extension 'colcon_pkg'
[0.242s] Level 1:colcon.colcon_core.package_identification:_identify(humble_ws/src/isaac_tutorials) by extensions ['colcon_meta']
[0.242s] Level 1:colcon.colcon_core.package_identification:_identify(humble_ws/src/isaac_tutorials) by extension 'colcon_meta'
[0.242s] Level 1:colcon.colcon_core.package_identification:_identify(humble_ws/src/isaac_tutorials) by extensions ['ros']
[0.242s] Level 1:colcon.colcon_core.package_identification:_identify(humble_ws/src/isaac_tutorials) by extension 'ros'
[0.242s] DEBUG:colcon.colcon_core.package_identification:Package 'humble_ws/src/isaac_tutorials' with type 'ros.ament_cmake' and name 'isaac_tutorials'
[0.242s] Level 1:colcon.colcon_core.package_identification:_identify(humble_ws/src/isaacsim) by extensions ['ignore', 'ignore_ament_install']
[0.242s] Level 1:colcon.colcon_core.package_identification:_identify(humble_ws/src/isaacsim) by extension 'ignore'
[0.243s] Level 1:colcon.colcon_core.package_identification:_identify(humble_ws/src/isaacsim) by extension 'ignore_ament_install'
[0.243s] Level 1:colcon.colcon_core.package_identification:_identify(humble_ws/src/isaacsim) by extensions ['colcon_pkg']
[0.243s] Level 1:colcon.colcon_core.package_identification:_identify(humble_ws/src/isaacsim) by extension 'colcon_pkg'
[0.243s] Level 1:colcon.colcon_core.package_identification:_identify(humble_ws/src/isaacsim) by extensions ['colcon_meta']
[0.243s] Level 1:colcon.colcon_core.package_identification:_identify(humble_ws/src/isaacsim) by extension 'colcon_meta'
[0.243s] Level 1:colcon.colcon_core.package_identification:_identify(humble_ws/src/isaacsim) by extensions ['ros']
[0.243s] Level 1:colcon.colcon_core.package_identification:_identify(humble_ws/src/isaacsim) by extension 'ros'
[0.243s] DEBUG:colcon.colcon_core.package_identification:Package 'humble_ws/src/isaacsim' with type 'ros.ament_cmake' and name 'isaacsim'
[0.243s] Level 1:colcon.colcon_core.package_identification:_identify(humble_ws/src/moveit) by extensions ['ignore', 'ignore_ament_install']
[0.243s] Level 1:colcon.colcon_core.package_identification:_identify(humble_ws/src/moveit) by extension 'ignore'
[0.243s] Level 1:colcon.colcon_core.package_identification:_identify(humble_ws/src/moveit) by extension 'ignore_ament_install'
[0.243s] Level 1:colcon.colcon_core.package_identification:_identify(humble_ws/src/moveit) by extensions ['colcon_pkg']
[0.244s] Level 1:colcon.colcon_core.package_identification:_identify(humble_ws/src/moveit) by extension 'colcon_pkg'
[0.244s] Level 1:colcon.colcon_core.package_identification:_identify(humble_ws/src/moveit) by extensions ['colcon_meta']
[0.244s] Level 1:colcon.colcon_core.package_identification:_identify(humble_ws/src/moveit) by extension 'colcon_meta'
[0.244s] Level 1:colcon.colcon_core.package_identification:_identify(humble_ws/src/moveit) by extensions ['ros']
[0.244s] Level 1:colcon.colcon_core.package_identification:_identify(humble_ws/src/moveit) by extension 'ros'
[0.244s] Level 1:colcon.colcon_core.package_identification:_identify(humble_ws/src/moveit) by extensions ['cmake', 'python']
[0.244s] Level 1:colcon.colcon_core.package_identification:_identify(humble_ws/src/moveit) by extension 'cmake'
[0.244s] Level 1:colcon.colcon_core.package_identification:_identify(humble_ws/src/moveit) by extension 'python'
[0.244s] Level 1:colcon.colcon_core.package_identification:_identify(humble_ws/src/moveit) by extensions ['python_setup_py']
[0.244s] Level 1:colcon.colcon_core.package_identification:_identify(humble_ws/src/moveit) by extension 'python_setup_py'
[0.244s] Level 1:colcon.colcon_core.package_identification:_identify(humble_ws/src/moveit/isaac_moveit) by extensions ['ignore', 'ignore_ament_install']
[0.244s] Level 1:colcon.colcon_core.package_identification:_identify(humble_ws/src/moveit/isaac_moveit) by extension 'ignore'
[0.244s] Level 1:colcon.colcon_core.package_identification:_identify(humble_ws/src/moveit/isaac_moveit) by extension 'ignore_ament_install'
[0.244s] Level 1:colcon.colcon_core.package_identification:_identify(humble_ws/src/moveit/isaac_moveit) by extensions ['colcon_pkg']
[0.244s] Level 1:colcon.colcon_core.package_identification:_identify(humble_ws/src/moveit/isaac_moveit) by extension 'colcon_pkg'
[0.244s] Level 1:colcon.colcon_core.package_identification:_identify(humble_ws/src/moveit/isaac_moveit) by extensions ['colcon_meta']
[0.244s] Level 1:colcon.colcon_core.package_identification:_identify(humble_ws/src/moveit/isaac_moveit) by extension 'colcon_meta'
[0.244s] Level 1:colcon.colcon_core.package_identification:_identify(humble_ws/src/moveit/isaac_moveit) by extensions ['ros']
[0.244s] Level 1:colcon.colcon_core.package_identification:_identify(humble_ws/src/moveit/isaac_moveit) by extension 'ros'
[0.245s] DEBUG:colcon.colcon_core.package_identification:Package 'humble_ws/src/moveit/isaac_moveit' with type 'ros.ament_cmake' and name 'isaac_moveit'
[0.245s] Level 1:colcon.colcon_core.package_identification:_identify(humble_ws/src/moveit/moveit_resources) by extensions ['ignore', 'ignore_ament_install']
[0.245s] Level 1:colcon.colcon_core.package_identification:_identify(humble_ws/src/moveit/moveit_resources) by extension 'ignore'
[0.245s] Level 1:colcon.colcon_core.package_identification:_identify(humble_ws/src/moveit/moveit_resources) by extension 'ignore_ament_install'
[0.245s] Level 1:colcon.colcon_core.package_identification:_identify(humble_ws/src/moveit/moveit_resources) by extensions ['colcon_pkg']
[0.245s] Level 1:colcon.colcon_core.package_identification:_identify(humble_ws/src/moveit/moveit_resources) by extension 'colcon_pkg'
[0.245s] Level 1:colcon.colcon_core.package_identification:_identify(humble_ws/src/moveit/moveit_resources) by extensions ['colcon_meta']
[0.245s] Level 1:colcon.colcon_core.package_identification:_identify(humble_ws/src/moveit/moveit_resources) by extension 'colcon_meta'
[0.245s] Level 1:colcon.colcon_core.package_identification:_identify(humble_ws/src/moveit/moveit_resources) by extensions ['ros']
[0.245s] Level 1:colcon.colcon_core.package_identification:_identify(humble_ws/src/moveit/moveit_resources) by extension 'ros'
[0.245s] Level 1:colcon.colcon_core.package_identification:_identify(humble_ws/src/moveit/moveit_resources) by extensions ['cmake', 'python']
[0.245s] Level 1:colcon.colcon_core.package_identification:_identify(humble_ws/src/moveit/moveit_resources) by extension 'cmake'
[0.246s] Level 1:colcon.colcon_core.package_identification:_identify(humble_ws/src/moveit/moveit_resources) by extension 'python'
[0.246s] Level 1:colcon.colcon_core.package_identification:_identify(humble_ws/src/moveit/moveit_resources) by extensions ['python_setup_py']
[0.246s] Level 1:colcon.colcon_core.package_identification:_identify(humble_ws/src/moveit/moveit_resources) by extension 'python_setup_py'
[0.246s] Level 1:colcon.colcon_core.package_identification:_identify(humble_ws/src/moveit/moveit_resources/moveit_resources) by extensions ['ignore', 'ignore_ament_install']
[0.246s] Level 1:colcon.colcon_core.package_identification:_identify(humble_ws/src/moveit/moveit_resources/moveit_resources) by extension 'ignore'
[0.246s] Level 1:colcon.colcon_core.package_identification:_identify(humble_ws/src/moveit/moveit_resources/moveit_resources) by extension 'ignore_ament_install'
[0.246s] Level 1:colcon.colcon_core.package_identification:_identify(humble_ws/src/moveit/moveit_resources/moveit_resources) by extensions ['colcon_pkg']
[0.246s] Level 1:colcon.colcon_core.package_identification:_identify(humble_ws/src/moveit/moveit_resources/moveit_resources) by extension 'colcon_pkg'
[0.246s] Level 1:colcon.colcon_core.package_identification:_identify(humble_ws/src/moveit/moveit_resources/moveit_resources) by extensions ['colcon_meta']
[0.246s] Level 1:colcon.colcon_core.package_identification:_identify(humble_ws/src/moveit/moveit_resources/moveit_resources) by extension 'colcon_meta'
[0.246s] Level 1:colcon.colcon_core.package_identification:_identify(humble_ws/src/moveit/moveit_resources/moveit_resources) by extensions ['ros']
[0.246s] Level 1:colcon.colcon_core.package_identification:_identify(humble_ws/src/moveit/moveit_resources/moveit_resources) by extension 'ros'
[0.246s] DEBUG:colcon.colcon_core.package_identification:Package 'humble_ws/src/moveit/moveit_resources/moveit_resources' with type 'ros.ament_cmake' and name 'moveit_resources'
[0.247s] Level 1:colcon.colcon_core.package_identification:_identify(humble_ws/src/moveit/moveit_resources/panda_description) by extensions ['ignore', 'ignore_ament_install']
[0.247s] Level 1:colcon.colcon_core.package_identification:_identify(humble_ws/src/moveit/moveit_resources/panda_description) by extension 'ignore'
[0.247s] Level 1:colcon.colcon_core.package_identification:_identify(humble_ws/src/moveit/moveit_resources/panda_description) by extension 'ignore_ament_install'
[0.247s] Level 1:colcon.colcon_core.package_identification:_identify(humble_ws/src/moveit/moveit_resources/panda_description) by extensions ['colcon_pkg']
[0.247s] Level 1:colcon.colcon_core.package_identification:_identify(humble_ws/src/moveit/moveit_resources/panda_description) by extension 'colcon_pkg'
[0.247s] Level 1:colcon.colcon_core.package_identification:_identify(humble_ws/src/moveit/moveit_resources/panda_description) by extensions ['colcon_meta']
[0.247s] Level 1:colcon.colcon_core.package_identification:_identify(humble_ws/src/moveit/moveit_resources/panda_description) by extension 'colcon_meta'
[0.247s] Level 1:colcon.colcon_core.package_identification:_identify(humble_ws/src/moveit/moveit_resources/panda_description) by extensions ['ros']
[0.247s] Level 1:colcon.colcon_core.package_identification:_identify(humble_ws/src/moveit/moveit_resources/panda_description) by extension 'ros'
[0.247s] DEBUG:colcon.colcon_core.package_identification:Package 'humble_ws/src/moveit/moveit_resources/panda_description' with type 'ros.ament_cmake' and name 'moveit_resources_panda_description'
[0.247s] Level 1:colcon.colcon_core.package_identification:_identify(humble_ws/src/moveit/moveit_resources/panda_moveit_config) by extensions ['ignore', 'ignore_ament_install']
[0.247s] Level 1:colcon.colcon_core.package_identification:_identify(humble_ws/src/moveit/moveit_resources/panda_moveit_config) by extension 'ignore'
[0.247s] Level 1:colcon.colcon_core.package_identification:_identify(humble_ws/src/moveit/moveit_resources/panda_moveit_config) by extension 'ignore_ament_install'
[0.247s] Level 1:colcon.colcon_core.package_identification:_identify(humble_ws/src/moveit/moveit_resources/panda_moveit_config) by extensions ['colcon_pkg']
[0.248s] Level 1:colcon.colcon_core.package_identification:_identify(humble_ws/src/moveit/moveit_resources/panda_moveit_config) by extension 'colcon_pkg'
[0.248s] Level 1:colcon.colcon_core.package_identification:_identify(humble_ws/src/moveit/moveit_resources/panda_moveit_config) by extensions ['colcon_meta']
[0.248s] Level 1:colcon.colcon_core.package_identification:_identify(humble_ws/src/moveit/moveit_resources/panda_moveit_config) by extension 'colcon_meta'
[0.248s] Level 1:colcon.colcon_core.package_identification:_identify(humble_ws/src/moveit/moveit_resources/panda_moveit_config) by extensions ['ros']
[0.248s] Level 1:colcon.colcon_core.package_identification:_identify(humble_ws/src/moveit/moveit_resources/panda_moveit_config) by extension 'ros'
[0.248s] DEBUG:colcon.colcon_core.package_identification:Package 'humble_ws/src/moveit/moveit_resources/panda_moveit_config' with type 'ros.ament_cmake' and name 'moveit_resources_panda_moveit_config'
[0.248s] Level 1:colcon.colcon_core.package_identification:_identify(humble_ws/src/navigation) by extensions ['ignore', 'ignore_ament_install']
[0.248s] Level 1:colcon.colcon_core.package_identification:_identify(humble_ws/src/navigation) by extension 'ignore'
[0.248s] Level 1:colcon.colcon_core.package_identification:_identify(humble_ws/src/navigation) by extension 'ignore_ament_install'
[0.248s] Level 1:colcon.colcon_core.package_identification:_identify(humble_ws/src/navigation) by extensions ['colcon_pkg']
[0.248s] Level 1:colcon.colcon_core.package_identification:_identify(humble_ws/src/navigation) by extension 'colcon_pkg'
[0.248s] Level 1:colcon.colcon_core.package_identification:_identify(humble_ws/src/navigation) by extensions ['colcon_meta']
[0.248s] Level 1:colcon.colcon_core.package_identification:_identify(humble_ws/src/navigation) by extension 'colcon_meta'
[0.248s] Level 1:colcon.colcon_core.package_identification:_identify(humble_ws/src/navigation) by extensions ['ros']
[0.248s] Level 1:colcon.colcon_core.package_identification:_identify(humble_ws/src/navigation) by extension 'ros'
[0.248s] Level 1:colcon.colcon_core.package_identification:_identify(humble_ws/src/navigation) by extensions ['cmake', 'python']
[0.249s] Level 1:colcon.colcon_core.package_identification:_identify(humble_ws/src/navigation) by extension 'cmake'
[0.249s] Level 1:colcon.colcon_core.package_identification:_identify(humble_ws/src/navigation) by extension 'python'
[0.249s] Level 1:colcon.colcon_core.package_identification:_identify(humble_ws/src/navigation) by extensions ['python_setup_py']
[0.249s] Level 1:colcon.colcon_core.package_identification:_identify(humble_ws/src/navigation) by extension 'python_setup_py'
[0.249s] Level 1:colcon.colcon_core.package_identification:_identify(humble_ws/src/navigation/carter_navigation) by extensions ['ignore', 'ignore_ament_install']
[0.249s] Level 1:colcon.colcon_core.package_identification:_identify(humble_ws/src/navigation/carter_navigation) by extension 'ignore'
[0.249s] Level 1:colcon.colcon_core.package_identification:_identify(humble_ws/src/navigation/carter_navigation) by extension 'ignore_ament_install'
[0.249s] Level 1:colcon.colcon_core.package_identification:_identify(humble_ws/src/navigation/carter_navigation) by extensions ['colcon_pkg']
[0.249s] Level 1:colcon.colcon_core.package_identification:_identify(humble_ws/src/navigation/carter_navigation) by extension 'colcon_pkg'
[0.249s] Level 1:colcon.colcon_core.package_identification:_identify(humble_ws/src/navigation/carter_navigation) by extensions ['colcon_meta']
[0.249s] Level 1:colcon.colcon_core.package_identification:_identify(humble_ws/src/navigation/carter_navigation) by extension 'colcon_meta'
[0.249s] Level 1:colcon.colcon_core.package_identification:_identify(humble_ws/src/navigation/carter_navigation) by extensions ['ros']
[0.249s] Level 1:colcon.colcon_core.package_identification:_identify(humble_ws/src/navigation/carter_navigation) by extension 'ros'
[0.249s] DEBUG:colcon.colcon_core.package_identification:Package 'humble_ws/src/navigation/carter_navigation' with type 'ros.ament_cmake' and name 'carter_navigation'
[0.250s] Level 1:colcon.colcon_core.package_identification:_identify(humble_ws/src/navigation/isaac_ros_navigation_goal) by extensions ['ignore', 'ignore_ament_install']
[0.250s] Level 1:colcon.colcon_core.package_identification:_identify(humble_ws/src/navigation/isaac_ros_navigation_goal) by extension 'ignore'
[0.250s] Level 1:colcon.colcon_core.package_identification:_identify(humble_ws/src/navigation/isaac_ros_navigation_goal) by extension 'ignore_ament_install'
[0.250s] Level 1:colcon.colcon_core.package_identification:_identify(humble_ws/src/navigation/isaac_ros_navigation_goal) by extensions ['colcon_pkg']
[0.250s] Level 1:colcon.colcon_core.package_identification:_identify(humble_ws/src/navigation/isaac_ros_navigation_goal) by extension 'colcon_pkg'
[0.250s] Level 1:colcon.colcon_core.package_identification:_identify(humble_ws/src/navigation/isaac_ros_navigation_goal) by extensions ['colcon_meta']
[0.250s] Level 1:colcon.colcon_core.package_identification:_identify(humble_ws/src/navigation/isaac_ros_navigation_goal) by extension 'colcon_meta'
[0.250s] Level 1:colcon.colcon_core.package_identification:_identify(humble_ws/src/navigation/isaac_ros_navigation_goal) by extensions ['ros']
[0.250s] Level 1:colcon.colcon_core.package_identification:_identify(humble_ws/src/navigation/isaac_ros_navigation_goal) by extension 'ros'
[0.250s] DEBUG:colcon.colcon_core.package_identification:Package 'humble_ws/src/navigation/isaac_ros_navigation_goal' with type 'ros.ament_python' and name 'isaac_ros_navigation_goal'
[0.250s] Level 1:colcon.colcon_core.package_identification:_identify(humble_ws/src/navigation/iw_hub_navigation) by extensions ['ignore', 'ignore_ament_install']
[0.250s] Level 1:colcon.colcon_core.package_identification:_identify(humble_ws/src/navigation/iw_hub_navigation) by extension 'ignore'
[0.250s] Level 1:colcon.colcon_core.package_identification:_identify(humble_ws/src/navigation/iw_hub_navigation) by extension 'ignore_ament_install'
[0.250s] Level 1:colcon.colcon_core.package_identification:_identify(humble_ws/src/navigation/iw_hub_navigation) by extensions ['colcon_pkg']
[0.250s] Level 1:colcon.colcon_core.package_identification:_identify(humble_ws/src/navigation/iw_hub_navigation) by extension 'colcon_pkg'
[0.251s] Level 1:colcon.colcon_core.package_identification:_identify(humble_ws/src/navigation/iw_hub_navigation) by extensions ['colcon_meta']
[0.251s] Level 1:colcon.colcon_core.package_identification:_identify(humble_ws/src/navigation/iw_hub_navigation) by extension 'colcon_meta'
[0.251s] Level 1:colcon.colcon_core.package_identification:_identify(humble_ws/src/navigation/iw_hub_navigation) by extensions ['ros']
[0.251s] Level 1:colcon.colcon_core.package_identification:_identify(humble_ws/src/navigation/iw_hub_navigation) by extension 'ros'
[0.251s] DEBUG:colcon.colcon_core.package_identification:Package 'humble_ws/src/navigation/iw_hub_navigation' with type 'ros.ament_cmake' and name 'iw_hub_navigation'
[0.251s] Level 1:colcon.colcon_core.package_identification:_identify(install) by extensions ['ignore', 'ignore_ament_install']
[0.251s] Level 1:colcon.colcon_core.package_identification:_identify(install) by extension 'ignore'
[0.251s] Level 1:colcon.colcon_core.package_identification:_identify(install) ignored
[0.251s] Level 1:colcon.colcon_core.package_identification:_identify(jazzy_ws) by extensions ['ignore', 'ignore_ament_install']
[0.251s] Level 1:colcon.colcon_core.package_identification:_identify(jazzy_ws) by extension 'ignore'
[0.251s] Level 1:colcon.colcon_core.package_identification:_identify(jazzy_ws) by extension 'ignore_ament_install'
[0.251s] Level 1:colcon.colcon_core.package_identification:_identify(jazzy_ws) by extensions ['colcon_pkg']
[0.252s] Level 1:colcon.colcon_core.package_identification:_identify(jazzy_ws) by extension 'colcon_pkg'
[0.252s] Level 1:colcon.colcon_core.package_identification:_identify(jazzy_ws) by extensions ['colcon_meta']
[0.252s] Level 1:colcon.colcon_core.package_identification:_identify(jazzy_ws) by extension 'colcon_meta'
[0.252s] Level 1:colcon.colcon_core.package_identification:_identify(jazzy_ws) by extensions ['ros']
[0.252s] Level 1:colcon.colcon_core.package_identification:_identify(jazzy_ws) by extension 'ros'
[0.252s] Level 1:colcon.colcon_core.package_identification:_identify(jazzy_ws) by extensions ['cmake', 'python']
[0.252s] Level 1:colcon.colcon_core.package_identification:_identify(jazzy_ws) by extension 'cmake'
[0.252s] Level 1:colcon.colcon_core.package_identification:_identify(jazzy_ws) by extension 'python'
[0.252s] Level 1:colcon.colcon_core.package_identification:_identify(jazzy_ws) by extensions ['python_setup_py']
[0.252s] Level 1:colcon.colcon_core.package_identification:_identify(jazzy_ws) by extension 'python_setup_py'
[0.252s] Level 1:colcon.colcon_core.package_identification:_identify(jazzy_ws/src) by extensions ['ignore', 'ignore_ament_install']
[0.252s] Level 1:colcon.colcon_core.package_identification:_identify(jazzy_ws/src) by extension 'ignore'
[0.252s] Level 1:colcon.colcon_core.package_identification:_identify(jazzy_ws/src) by extension 'ignore_ament_install'
[0.252s] Level 1:colcon.colcon_core.package_identification:_identify(jazzy_ws/src) by extensions ['colcon_pkg']
[0.252s] Level 1:colcon.colcon_core.package_identification:_identify(jazzy_ws/src) by extension 'colcon_pkg'
[0.252s] Level 1:colcon.colcon_core.package_identification:_identify(jazzy_ws/src) by extensions ['colcon_meta']
[0.252s] Level 1:colcon.colcon_core.package_identification:_identify(jazzy_ws/src) by extension 'colcon_meta'
[0.252s] Level 1:colcon.colcon_core.package_identification:_identify(jazzy_ws/src) by extensions ['ros']
[0.252s] Level 1:colcon.colcon_core.package_identification:_identify(jazzy_ws/src) by extension 'ros'
[0.252s] Level 1:colcon.colcon_core.package_identification:_identify(jazzy_ws/src) by extensions ['cmake', 'python']
[0.252s] Level 1:colcon.colcon_core.package_identification:_identify(jazzy_ws/src) by extension 'cmake'
[0.252s] Level 1:colcon.colcon_core.package_identification:_identify(jazzy_ws/src) by extension 'python'
[0.253s] Level 1:colcon.colcon_core.package_identification:_identify(jazzy_ws/src) by extensions ['python_setup_py']
[0.253s] Level 1:colcon.colcon_core.package_identification:_identify(jazzy_ws/src) by extension 'python_setup_py'
[0.253s] Level 1:colcon.colcon_core.package_identification:_identify(jazzy_ws/src/ackermann_control) by extensions ['ignore', 'ignore_ament_install']
[0.253s] Level 1:colcon.colcon_core.package_identification:_identify(jazzy_ws/src/ackermann_control) by extension 'ignore'
[0.253s] Level 1:colcon.colcon_core.package_identification:_identify(jazzy_ws/src/ackermann_control) by extension 'ignore_ament_install'
[0.253s] Level 1:colcon.colcon_core.package_identification:_identify(jazzy_ws/src/ackermann_control) by extensions ['colcon_pkg']
[0.253s] Level 1:colcon.colcon_core.package_identification:_identify(jazzy_ws/src/ackermann_control) by extension 'colcon_pkg'
[0.253s] Level 1:colcon.colcon_core.package_identification:_identify(jazzy_ws/src/ackermann_control) by extensions ['colcon_meta']
[0.253s] Level 1:colcon.colcon_core.package_identification:_identify(jazzy_ws/src/ackermann_control) by extension 'colcon_meta'
[0.253s] Level 1:colcon.colcon_core.package_identification:_identify(jazzy_ws/src/ackermann_control) by extensions ['ros']
[0.253s] Level 1:colcon.colcon_core.package_identification:_identify(jazzy_ws/src/ackermann_control) by extension 'ros'
[0.253s] Level 1:colcon.colcon_core.package_identification:_identify(jazzy_ws/src/ackermann_control) by extensions ['cmake', 'python']
[0.253s] Level 1:colcon.colcon_core.package_identification:_identify(jazzy_ws/src/ackermann_control) by extension 'cmake'
[0.253s] Level 1:colcon.colcon_core.package_identification:_identify(jazzy_ws/src/ackermann_control) by extension 'python'
[0.253s] Level 1:colcon.colcon_core.package_identification:_identify(jazzy_ws/src/ackermann_control) by extensions ['python_setup_py']
[0.253s] Level 1:colcon.colcon_core.package_identification:_identify(jazzy_ws/src/ackermann_control) by extension 'python_setup_py'
[0.253s] Level 1:colcon.colcon_core.package_identification:_identify(jazzy_ws/src/ackermann_control/cmdvel_to_ackermann) by extensions ['ignore', 'ignore_ament_install']
[0.253s] Level 1:colcon.colcon_core.package_identification:_identify(jazzy_ws/src/ackermann_control/cmdvel_to_ackermann) by extension 'ignore'
[0.253s] Level 1:colcon.colcon_core.package_identification:_identify(jazzy_ws/src/ackermann_control/cmdvel_to_ackermann) by extension 'ignore_ament_install'
[0.253s] Level 1:colcon.colcon_core.package_identification:_identify(jazzy_ws/src/ackermann_control/cmdvel_to_ackermann) by extensions ['colcon_pkg']
[0.253s] Level 1:colcon.colcon_core.package_identification:_identify(jazzy_ws/src/ackermann_control/cmdvel_to_ackermann) by extension 'colcon_pkg'
[0.254s] Level 1:colcon.colcon_core.package_identification:_identify(jazzy_ws/src/ackermann_control/cmdvel_to_ackermann) by extensions ['colcon_meta']
[0.254s] Level 1:colcon.colcon_core.package_identification:_identify(jazzy_ws/src/ackermann_control/cmdvel_to_ackermann) by extension 'colcon_meta'
[0.254s] Level 1:colcon.colcon_core.package_identification:_identify(jazzy_ws/src/ackermann_control/cmdvel_to_ackermann) by extensions ['ros']
[0.254s] Level 1:colcon.colcon_core.package_identification:_identify(jazzy_ws/src/ackermann_control/cmdvel_to_ackermann) by extension 'ros'
[0.254s] DEBUG:colcon.colcon_core.package_identification:Package 'jazzy_ws/src/ackermann_control/cmdvel_to_ackermann' with type 'ros.ament_cmake' and name 'cmdvel_to_ackermann'
[0.254s] Level 1:colcon.colcon_core.package_identification:_identify(jazzy_ws/src/custom_message) by extensions ['ignore', 'ignore_ament_install']
[0.254s] Level 1:colcon.colcon_core.package_identification:_identify(jazzy_ws/src/custom_message) by extension 'ignore'
[0.254s] Level 1:colcon.colcon_core.package_identification:_identify(jazzy_ws/src/custom_message) by extension 'ignore_ament_install'
[0.254s] Level 1:colcon.colcon_core.package_identification:_identify(jazzy_ws/src/custom_message) by extensions ['colcon_pkg']
[0.254s] Level 1:colcon.colcon_core.package_identification:_identify(jazzy_ws/src/custom_message) by extension 'colcon_pkg'
[0.254s] Level 1:colcon.colcon_core.package_identification:_identify(jazzy_ws/src/custom_message) by extensions ['colcon_meta']
[0.254s] Level 1:colcon.colcon_core.package_identification:_identify(jazzy_ws/src/custom_message) by extension 'colcon_meta'
[0.254s] Level 1:colcon.colcon_core.package_identification:_identify(jazzy_ws/src/custom_message) by extensions ['ros']
[0.254s] Level 1:colcon.colcon_core.package_identification:_identify(jazzy_ws/src/custom_message) by extension 'ros'
[0.254s] DEBUG:colcon.colcon_core.package_identification:Package 'jazzy_ws/src/custom_message' with type 'ros.ament_cmake' and name 'custom_message'
[0.255s] Level 1:colcon.colcon_core.package_identification:_identify(jazzy_ws/src/humanoid_locomotion_policy_example) by extensions ['ignore', 'ignore_ament_install']
[0.255s] Level 1:colcon.colcon_core.package_identification:_identify(jazzy_ws/src/humanoid_locomotion_policy_example) by extension 'ignore'
[0.255s] Level 1:colcon.colcon_core.package_identification:_identify(jazzy_ws/src/humanoid_locomotion_policy_example) by extension 'ignore_ament_install'
[0.255s] Level 1:colcon.colcon_core.package_identification:_identify(jazzy_ws/src/humanoid_locomotion_policy_example) by extensions ['colcon_pkg']
[0.255s] Level 1:colcon.colcon_core.package_identification:_identify(jazzy_ws/src/humanoid_locomotion_policy_example) by extension 'colcon_pkg'
[0.255s] Level 1:colcon.colcon_core.package_identification:_identify(jazzy_ws/src/humanoid_locomotion_policy_example) by extensions ['colcon_meta']
[0.255s] Level 1:colcon.colcon_core.package_identification:_identify(jazzy_ws/src/humanoid_locomotion_policy_example) by extension 'colcon_meta'
[0.255s] Level 1:colcon.colcon_core.package_identification:_identify(jazzy_ws/src/humanoid_locomotion_policy_example) by extensions ['ros']
[0.255s] Level 1:colcon.colcon_core.package_identification:_identify(jazzy_ws/src/humanoid_locomotion_policy_example) by extension 'ros'
[0.255s] Level 1:colcon.colcon_core.package_identification:_identify(jazzy_ws/src/humanoid_locomotion_policy_example) by extensions ['cmake', 'python']
[0.255s] Level 1:colcon.colcon_core.package_identification:_identify(jazzy_ws/src/humanoid_locomotion_policy_example) by extension 'cmake'
[0.255s] Level 1:colcon.colcon_core.package_identification:_identify(jazzy_ws/src/humanoid_locomotion_policy_example) by extension 'python'
[0.255s] Level 1:colcon.colcon_core.package_identification:_identify(jazzy_ws/src/humanoid_locomotion_policy_example) by extensions ['python_setup_py']
[0.255s] Level 1:colcon.colcon_core.package_identification:_identify(jazzy_ws/src/humanoid_locomotion_policy_example) by extension 'python_setup_py'
[0.255s] Level 1:colcon.colcon_core.package_identification:_identify(jazzy_ws/src/humanoid_locomotion_policy_example/h1_fullbody_controller) by extensions ['ignore', 'ignore_ament_install']
[0.256s] Level 1:colcon.colcon_core.package_identification:_identify(jazzy_ws/src/humanoid_locomotion_policy_example/h1_fullbody_controller) by extension 'ignore'
[0.256s] Level 1:colcon.colcon_core.package_identification:_identify(jazzy_ws/src/humanoid_locomotion_policy_example/h1_fullbody_controller) by extension 'ignore_ament_install'
[0.256s] Level 1:colcon.colcon_core.package_identification:_identify(jazzy_ws/src/humanoid_locomotion_policy_example/h1_fullbody_controller) by extensions ['colcon_pkg']
[0.256s] Level 1:colcon.colcon_core.package_identification:_identify(jazzy_ws/src/humanoid_locomotion_policy_example/h1_fullbody_controller) by extension 'colcon_pkg'
[0.256s] Level 1:colcon.colcon_core.package_identification:_identify(jazzy_ws/src/humanoid_locomotion_policy_example/h1_fullbody_controller) by extensions ['colcon_meta']
[0.256s] Level 1:colcon.colcon_core.package_identification:_identify(jazzy_ws/src/humanoid_locomotion_policy_example/h1_fullbody_controller) by extension 'colcon_meta'
[0.256s] Level 1:colcon.colcon_core.package_identification:_identify(jazzy_ws/src/humanoid_locomotion_policy_example/h1_fullbody_controller) by extensions ['ros']
[0.256s] Level 1:colcon.colcon_core.package_identification:_identify(jazzy_ws/src/humanoid_locomotion_policy_example/h1_fullbody_controller) by extension 'ros'
[0.256s] DEBUG:colcon.colcon_core.package_identification:Package 'jazzy_ws/src/humanoid_locomotion_policy_example/h1_fullbody_controller' with type 'ros.ament_cmake' and name 'h1_fullbody_controller'
[0.256s] Level 1:colcon.colcon_core.package_identification:_identify(jazzy_ws/src/isaac_ros2_messages) by extensions ['ignore', 'ignore_ament_install']
[0.256s] Level 1:colcon.colcon_core.package_identification:_identify(jazzy_ws/src/isaac_ros2_messages) by extension 'ignore'
[0.256s] Level 1:colcon.colcon_core.package_identification:_identify(jazzy_ws/src/isaac_ros2_messages) by extension 'ignore_ament_install'
[0.256s] Level 1:colcon.colcon_core.package_identification:_identify(jazzy_ws/src/isaac_ros2_messages) by extensions ['colcon_pkg']
[0.256s] Level 1:colcon.colcon_core.package_identification:_identify(jazzy_ws/src/isaac_ros2_messages) by extension 'colcon_pkg'
[0.257s] Level 1:colcon.colcon_core.package_identification:_identify(jazzy_ws/src/isaac_ros2_messages) by extensions ['colcon_meta']
[0.257s] Level 1:colcon.colcon_core.package_identification:_identify(jazzy_ws/src/isaac_ros2_messages) by extension 'colcon_meta'
[0.257s] Level 1:colcon.colcon_core.package_identification:_identify(jazzy_ws/src/isaac_ros2_messages) by extensions ['ros']
[0.257s] Level 1:colcon.colcon_core.package_identification:_identify(jazzy_ws/src/isaac_ros2_messages) by extension 'ros'
[0.257s] DEBUG:colcon.colcon_core.package_identification:Package 'jazzy_ws/src/isaac_ros2_messages' with type 'ros.ament_cmake' and name 'isaac_ros2_messages'
[0.257s] Level 1:colcon.colcon_core.package_identification:_identify(jazzy_ws/src/isaac_tutorials) by extensions ['ignore', 'ignore_ament_install']
[0.257s] Level 1:colcon.colcon_core.package_identification:_identify(jazzy_ws/src/isaac_tutorials) by extension 'ignore'
[0.257s] Level 1:colcon.colcon_core.package_identification:_identify(jazzy_ws/src/isaac_tutorials) by extension 'ignore_ament_install'
[0.257s] Level 1:colcon.colcon_core.package_identification:_identify(jazzy_ws/src/isaac_tutorials) by extensions ['colcon_pkg']
[0.257s] Level 1:colcon.colcon_core.package_identification:_identify(jazzy_ws/src/isaac_tutorials) by extension 'colcon_pkg'
[0.257s] Level 1:colcon.colcon_core.package_identification:_identify(jazzy_ws/src/isaac_tutorials) by extensions ['colcon_meta']
[0.257s] Level 1:colcon.colcon_core.package_identification:_identify(jazzy_ws/src/isaac_tutorials) by extension 'colcon_meta'
[0.257s] Level 1:colcon.colcon_core.package_identification:_identify(jazzy_ws/src/isaac_tutorials) by extensions ['ros']
[0.257s] Level 1:colcon.colcon_core.package_identification:_identify(jazzy_ws/src/isaac_tutorials) by extension 'ros'
[0.258s] DEBUG:colcon.colcon_core.package_identification:Package 'jazzy_ws/src/isaac_tutorials' with type 'ros.ament_cmake' and name 'isaac_tutorials'
[0.258s] Level 1:colcon.colcon_core.package_identification:_identify(jazzy_ws/src/isaacsim) by extensions ['ignore', 'ignore_ament_install']
[0.258s] Level 1:colcon.colcon_core.package_identification:_identify(jazzy_ws/src/isaacsim) by extension 'ignore'
[0.258s] Level 1:colcon.colcon_core.package_identification:_identify(jazzy_ws/src/isaacsim) by extension 'ignore_ament_install'
[0.258s] Level 1:colcon.colcon_core.package_identification:_identify(jazzy_ws/src/isaacsim) by extensions ['colcon_pkg']
[0.258s] Level 1:colcon.colcon_core.package_identification:_identify(jazzy_ws/src/isaacsim) by extension 'colcon_pkg'
[0.258s] Level 1:colcon.colcon_core.package_identification:_identify(jazzy_ws/src/isaacsim) by extensions ['colcon_meta']
[0.258s] Level 1:colcon.colcon_core.package_identification:_identify(jazzy_ws/src/isaacsim) by extension 'colcon_meta'
[0.258s] Level 1:colcon.colcon_core.package_identification:_identify(jazzy_ws/src/isaacsim) by extensions ['ros']
[0.258s] Level 1:colcon.colcon_core.package_identification:_identify(jazzy_ws/src/isaacsim) by extension 'ros'
[0.258s] DEBUG:colcon.colcon_core.package_identification:Package 'jazzy_ws/src/isaacsim' with type 'ros.ament_cmake' and name 'isaacsim'
[0.258s] Level 1:colcon.colcon_core.package_identification:_identify(jazzy_ws/src/moveit) by extensions ['ignore', 'ignore_ament_install']
[0.258s] Level 1:colcon.colcon_core.package_identification:_identify(jazzy_ws/src/moveit) by extension 'ignore'
[0.258s] Level 1:colcon.colcon_core.package_identification:_identify(jazzy_ws/src/moveit) by extension 'ignore_ament_install'
[0.258s] Level 1:colcon.colcon_core.package_identification:_identify(jazzy_ws/src/moveit) by extensions ['colcon_pkg']
[0.259s] Level 1:colcon.colcon_core.package_identification:_identify(jazzy_ws/src/moveit) by extension 'colcon_pkg'
[0.259s] Level 1:colcon.colcon_core.package_identification:_identify(jazzy_ws/src/moveit) by extensions ['colcon_meta']
[0.259s] Level 1:colcon.colcon_core.package_identification:_identify(jazzy_ws/src/moveit) by extension 'colcon_meta'
[0.259s] Level 1:colcon.colcon_core.package_identification:_identify(jazzy_ws/src/moveit) by extensions ['ros']
[0.259s] Level 1:colcon.colcon_core.package_identification:_identify(jazzy_ws/src/moveit) by extension 'ros'
[0.259s] Level 1:colcon.colcon_core.package_identification:_identify(jazzy_ws/src/moveit) by extensions ['cmake', 'python']
[0.259s] Level 1:colcon.colcon_core.package_identification:_identify(jazzy_ws/src/moveit) by extension 'cmake'
[0.259s] Level 1:colcon.colcon_core.package_identification:_identify(jazzy_ws/src/moveit) by extension 'python'
[0.259s] Level 1:colcon.colcon_core.package_identification:_identify(jazzy_ws/src/moveit) by extensions ['python_setup_py']
[0.259s] Level 1:colcon.colcon_core.package_identification:_identify(jazzy_ws/src/moveit) by extension 'python_setup_py'
[0.259s] Level 1:colcon.colcon_core.package_identification:_identify(jazzy_ws/src/moveit/isaac_moveit) by extensions ['ignore', 'ignore_ament_install']
[0.259s] Level 1:colcon.colcon_core.package_identification:_identify(jazzy_ws/src/moveit/isaac_moveit) by extension 'ignore'
[0.259s] Level 1:colcon.colcon_core.package_identification:_identify(jazzy_ws/src/moveit/isaac_moveit) by extension 'ignore_ament_install'
[0.259s] Level 1:colcon.colcon_core.package_identification:_identify(jazzy_ws/src/moveit/isaac_moveit) by extensions ['colcon_pkg']
[0.259s] Level 1:colcon.colcon_core.package_identification:_identify(jazzy_ws/src/moveit/isaac_moveit) by extension 'colcon_pkg'
[0.259s] Level 1:colcon.colcon_core.package_identification:_identify(jazzy_ws/src/moveit/isaac_moveit) by extensions ['colcon_meta']
[0.259s] Level 1:colcon.colcon_core.package_identification:_identify(jazzy_ws/src/moveit/isaac_moveit) by extension 'colcon_meta'
[0.259s] Level 1:colcon.colcon_core.package_identification:_identify(jazzy_ws/src/moveit/isaac_moveit) by extensions ['ros']
[0.259s] Level 1:colcon.colcon_core.package_identification:_identify(jazzy_ws/src/moveit/isaac_moveit) by extension 'ros'
[0.260s] DEBUG:colcon.colcon_core.package_identification:Package 'jazzy_ws/src/moveit/isaac_moveit' with type 'ros.ament_cmake' and name 'isaac_moveit'
[0.260s] Level 1:colcon.colcon_core.package_identification:_identify(jazzy_ws/src/moveit/moveit_resources) by extensions ['ignore', 'ignore_ament_install']
[0.260s] Level 1:colcon.colcon_core.package_identification:_identify(jazzy_ws/src/moveit/moveit_resources) by extension 'ignore'
[0.260s] Level 1:colcon.colcon_core.package_identification:_identify(jazzy_ws/src/moveit/moveit_resources) by extension 'ignore_ament_install'
[0.260s] Level 1:colcon.colcon_core.package_identification:_identify(jazzy_ws/src/moveit/moveit_resources) by extensions ['colcon_pkg']
[0.260s] Level 1:colcon.colcon_core.package_identification:_identify(jazzy_ws/src/moveit/moveit_resources) by extension 'colcon_pkg'
[0.260s] Level 1:colcon.colcon_core.package_identification:_identify(jazzy_ws/src/moveit/moveit_resources) by extensions ['colcon_meta']
[0.260s] Level 1:colcon.colcon_core.package_identification:_identify(jazzy_ws/src/moveit/moveit_resources) by extension 'colcon_meta'
[0.260s] Level 1:colcon.colcon_core.package_identification:_identify(jazzy_ws/src/moveit/moveit_resources) by extensions ['ros']
[0.260s] Level 1:colcon.colcon_core.package_identification:_identify(jazzy_ws/src/moveit/moveit_resources) by extension 'ros'
[0.260s] Level 1:colcon.colcon_core.package_identification:_identify(jazzy_ws/src/moveit/moveit_resources) by extensions ['cmake', 'python']
[0.260s] Level 1:colcon.colcon_core.package_identification:_identify(jazzy_ws/src/moveit/moveit_resources) by extension 'cmake'
[0.260s] Level 1:colcon.colcon_core.package_identification:_identify(jazzy_ws/src/moveit/moveit_resources) by extension 'python'
[0.261s] Level 1:colcon.colcon_core.package_identification:_identify(jazzy_ws/src/moveit/moveit_resources) by extensions ['python_setup_py']
[0.261s] Level 1:colcon.colcon_core.package_identification:_identify(jazzy_ws/src/moveit/moveit_resources) by extension 'python_setup_py'
[0.261s] Level 1:colcon.colcon_core.package_identification:_identify(jazzy_ws/src/moveit/moveit_resources/moveit_resources) by extensions ['ignore', 'ignore_ament_install']
[0.261s] Level 1:colcon.colcon_core.package_identification:_identify(jazzy_ws/src/moveit/moveit_resources/moveit_resources) by extension 'ignore'
[0.261s] Level 1:colcon.colcon_core.package_identification:_identify(jazzy_ws/src/moveit/moveit_resources/moveit_resources) by extension 'ignore_ament_install'
[0.261s] Level 1:colcon.colcon_core.package_identification:_identify(jazzy_ws/src/moveit/moveit_resources/moveit_resources) by extensions ['colcon_pkg']
[0.261s] Level 1:colcon.colcon_core.package_identification:_identify(jazzy_ws/src/moveit/moveit_resources/moveit_resources) by extension 'colcon_pkg'
[0.261s] Level 1:colcon.colcon_core.package_identification:_identify(jazzy_ws/src/moveit/moveit_resources/moveit_resources) by extensions ['colcon_meta']
[0.261s] Level 1:colcon.colcon_core.package_identification:_identify(jazzy_ws/src/moveit/moveit_resources/moveit_resources) by extension 'colcon_meta'
[0.261s] Level 1:colcon.colcon_core.package_identification:_identify(jazzy_ws/src/moveit/moveit_resources/moveit_resources) by extensions ['ros']
[0.261s] Level 1:colcon.colcon_core.package_identification:_identify(jazzy_ws/src/moveit/moveit_resources/moveit_resources) by extension 'ros'
[0.261s] DEBUG:colcon.colcon_core.package_identification:Package 'jazzy_ws/src/moveit/moveit_resources/moveit_resources' with type 'ros.ament_cmake' and name 'moveit_resources'
[0.261s] Level 1:colcon.colcon_core.package_identification:_identify(jazzy_ws/src/moveit/moveit_resources/panda_description) by extensions ['ignore', 'ignore_ament_install']
[0.261s] Level 1:colcon.colcon_core.package_identification:_identify(jazzy_ws/src/moveit/moveit_resources/panda_description) by extension 'ignore'
[0.261s] Level 1:colcon.colcon_core.package_identification:_identify(jazzy_ws/src/moveit/moveit_resources/panda_description) by extension 'ignore_ament_install'
[0.262s] Level 1:colcon.colcon_core.package_identification:_identify(jazzy_ws/src/moveit/moveit_resources/panda_description) by extensions ['colcon_pkg']
[0.262s] Level 1:colcon.colcon_core.package_identification:_identify(jazzy_ws/src/moveit/moveit_resources/panda_description) by extension 'colcon_pkg'
[0.262s] Level 1:colcon.colcon_core.package_identification:_identify(jazzy_ws/src/moveit/moveit_resources/panda_description) by extensions ['colcon_meta']
[0.262s] Level 1:colcon.colcon_core.package_identification:_identify(jazzy_ws/src/moveit/moveit_resources/panda_description) by extension 'colcon_meta'
[0.262s] Level 1:colcon.colcon_core.package_identification:_identify(jazzy_ws/src/moveit/moveit_resources/panda_description) by extensions ['ros']
[0.262s] Level 1:colcon.colcon_core.package_identification:_identify(jazzy_ws/src/moveit/moveit_resources/panda_description) by extension 'ros'
[0.262s] DEBUG:colcon.colcon_core.package_identification:Package 'jazzy_ws/src/moveit/moveit_resources/panda_description' with type 'ros.ament_cmake' and name 'moveit_resources_panda_description'
[0.262s] Level 1:colcon.colcon_core.package_identification:_identify(jazzy_ws/src/moveit/moveit_resources/panda_moveit_config) by extensions ['ignore', 'ignore_ament_install']
[0.262s] Level 1:colcon.colcon_core.package_identification:_identify(jazzy_ws/src/moveit/moveit_resources/panda_moveit_config) by extension 'ignore'
[0.262s] Level 1:colcon.colcon_core.package_identification:_identify(jazzy_ws/src/moveit/moveit_resources/panda_moveit_config) by extension 'ignore_ament_install'
[0.262s] Level 1:colcon.colcon_core.package_identification:_identify(jazzy_ws/src/moveit/moveit_resources/panda_moveit_config) by extensions ['colcon_pkg']
[0.262s] Level 1:colcon.colcon_core.package_identification:_identify(jazzy_ws/src/moveit/moveit_resources/panda_moveit_config) by extension 'colcon_pkg'
[0.262s] Level 1:colcon.colcon_core.package_identification:_identify(jazzy_ws/src/moveit/moveit_resources/panda_moveit_config) by extensions ['colcon_meta']
[0.262s] Level 1:colcon.colcon_core.package_identification:_identify(jazzy_ws/src/moveit/moveit_resources/panda_moveit_config) by extension 'colcon_meta'
[0.262s] Level 1:colcon.colcon_core.package_identification:_identify(jazzy_ws/src/moveit/moveit_resources/panda_moveit_config) by extensions ['ros']
[0.262s] Level 1:colcon.colcon_core.package_identification:_identify(jazzy_ws/src/moveit/moveit_resources/panda_moveit_config) by extension 'ros'
[0.263s] DEBUG:colcon.colcon_core.package_identification:Package 'jazzy_ws/src/moveit/moveit_resources/panda_moveit_config' with type 'ros.ament_cmake' and name 'moveit_resources_panda_moveit_config'
[0.263s] Level 1:colcon.colcon_core.package_identification:_identify(jazzy_ws/src/moveit/topic_based_ros2_control) by extensions ['ignore', 'ignore_ament_install']
[0.263s] Level 1:colcon.colcon_core.package_identification:_identify(jazzy_ws/src/moveit/topic_based_ros2_control) by extension 'ignore'
[0.263s] Level 1:colcon.colcon_core.package_identification:_identify(jazzy_ws/src/moveit/topic_based_ros2_control) by extension 'ignore_ament_install'
[0.263s] Level 1:colcon.colcon_core.package_identification:_identify(jazzy_ws/src/moveit/topic_based_ros2_control) by extensions ['colcon_pkg']
[0.263s] Level 1:colcon.colcon_core.package_identification:_identify(jazzy_ws/src/moveit/topic_based_ros2_control) by extension 'colcon_pkg'
[0.263s] Level 1:colcon.colcon_core.package_identification:_identify(jazzy_ws/src/moveit/topic_based_ros2_control) by extensions ['colcon_meta']
[0.263s] Level 1:colcon.colcon_core.package_identification:_identify(jazzy_ws/src/moveit/topic_based_ros2_control) by extension 'colcon_meta'
[0.263s] Level 1:colcon.colcon_core.package_identification:_identify(jazzy_ws/src/moveit/topic_based_ros2_control) by extensions ['ros']
[0.263s] Level 1:colcon.colcon_core.package_identification:_identify(jazzy_ws/src/moveit/topic_based_ros2_control) by extension 'ros'
[0.264s] DEBUG:colcon.colcon_core.package_identification:Package 'jazzy_ws/src/moveit/topic_based_ros2_control' with type 'ros.ament_cmake' and name 'topic_based_ros2_control'
[0.264s] Level 1:colcon.colcon_core.package_identification:_identify(jazzy_ws/src/navigation) by extensions ['ignore', 'ignore_ament_install']
[0.264s] Level 1:colcon.colcon_core.package_identification:_identify(jazzy_ws/src/navigation) by extension 'ignore'
[0.264s] Level 1:colcon.colcon_core.package_identification:_identify(jazzy_ws/src/navigation) by extension 'ignore_ament_install'
[0.264s] Level 1:colcon.colcon_core.package_identification:_identify(jazzy_ws/src/navigation) by extensions ['colcon_pkg']
[0.264s] Level 1:colcon.colcon_core.package_identification:_identify(jazzy_ws/src/navigation) by extension 'colcon_pkg'
[0.264s] Level 1:colcon.colcon_core.package_identification:_identify(jazzy_ws/src/navigation) by extensions ['colcon_meta']
[0.264s] Level 1:colcon.colcon_core.package_identification:_identify(jazzy_ws/src/navigation) by extension 'colcon_meta'
[0.264s] Level 1:colcon.colcon_core.package_identification:_identify(jazzy_ws/src/navigation) by extensions ['ros']
[0.264s] Level 1:colcon.colcon_core.package_identification:_identify(jazzy_ws/src/navigation) by extension 'ros'
[0.264s] Level 1:colcon.colcon_core.package_identification:_identify(jazzy_ws/src/navigation) by extensions ['cmake', 'python']
[0.264s] Level 1:colcon.colcon_core.package_identification:_identify(jazzy_ws/src/navigation) by extension 'cmake'
[0.264s] Level 1:colcon.colcon_core.package_identification:_identify(jazzy_ws/src/navigation) by extension 'python'
[0.264s] Level 1:colcon.colcon_core.package_identification:_identify(jazzy_ws/src/navigation) by extensions ['python_setup_py']
[0.264s] Level 1:colcon.colcon_core.package_identification:_identify(jazzy_ws/src/navigation) by extension 'python_setup_py'
[0.264s] Level 1:colcon.colcon_core.package_identification:_identify(jazzy_ws/src/navigation/carter_navigation) by extensions ['ignore', 'ignore_ament_install']
[0.264s] Level 1:colcon.colcon_core.package_identification:_identify(jazzy_ws/src/navigation/carter_navigation) by extension 'ignore'
[0.265s] Level 1:colcon.colcon_core.package_identification:_identify(jazzy_ws/src/navigation/carter_navigation) by extension 'ignore_ament_install'
[0.265s] Level 1:colcon.colcon_core.package_identification:_identify(jazzy_ws/src/navigation/carter_navigation) by extensions ['colcon_pkg']
[0.265s] Level 1:colcon.colcon_core.package_identification:_identify(jazzy_ws/src/navigation/carter_navigation) by extension 'colcon_pkg'
[0.265s] Level 1:colcon.colcon_core.package_identification:_identify(jazzy_ws/src/navigation/carter_navigation) by extensions ['colcon_meta']
[0.265s] Level 1:colcon.colcon_core.package_identification:_identify(jazzy_ws/src/navigation/carter_navigation) by extension 'colcon_meta'
[0.265s] Level 1:colcon.colcon_core.package_identification:_identify(jazzy_ws/src/navigation/carter_navigation) by extensions ['ros']
[0.265s] Level 1:colcon.colcon_core.package_identification:_identify(jazzy_ws/src/navigation/carter_navigation) by extension 'ros'
[0.265s] DEBUG:colcon.colcon_core.package_identification:Package 'jazzy_ws/src/navigation/carter_navigation' with type 'ros.ament_cmake' and name 'carter_navigation'
[0.265s] Level 1:colcon.colcon_core.package_identification:_identify(jazzy_ws/src/navigation/isaac_ros_navigation_goal) by extensions ['ignore', 'ignore_ament_install']
[0.265s] Level 1:colcon.colcon_core.package_identification:_identify(jazzy_ws/src/navigation/isaac_ros_navigation_goal) by extension 'ignore'
[0.265s] Level 1:colcon.colcon_core.package_identification:_identify(jazzy_ws/src/navigation/isaac_ros_navigation_goal) by extension 'ignore_ament_install'
[0.266s] Level 1:colcon.colcon_core.package_identification:_identify(jazzy_ws/src/navigation/isaac_ros_navigation_goal) by extensions ['colcon_pkg']
[0.266s] Level 1:colcon.colcon_core.package_identification:_identify(jazzy_ws/src/navigation/isaac_ros_navigation_goal) by extension 'colcon_pkg'
[0.266s] Level 1:colcon.colcon_core.package_identification:_identify(jazzy_ws/src/navigation/isaac_ros_navigation_goal) by extensions ['colcon_meta']
[0.266s] Level 1:colcon.colcon_core.package_identification:_identify(jazzy_ws/src/navigation/isaac_ros_navigation_goal) by extension 'colcon_meta'
[0.266s] Level 1:colcon.colcon_core.package_identification:_identify(jazzy_ws/src/navigation/isaac_ros_navigation_goal) by extensions ['ros']
[0.266s] Level 1:colcon.colcon_core.package_identification:_identify(jazzy_ws/src/navigation/isaac_ros_navigation_goal) by extension 'ros'
[0.266s] DEBUG:colcon.colcon_core.package_identification:Package 'jazzy_ws/src/navigation/isaac_ros_navigation_goal' with type 'ros.ament_python' and name 'isaac_ros_navigation_goal'
[0.266s] Level 1:colcon.colcon_core.package_identification:_identify(jazzy_ws/src/navigation/iw_hub_navigation) by extensions ['ignore', 'ignore_ament_install']
[0.266s] Level 1:colcon.colcon_core.package_identification:_identify(jazzy_ws/src/navigation/iw_hub_navigation) by extension 'ignore'
[0.266s] Level 1:colcon.colcon_core.package_identification:_identify(jazzy_ws/src/navigation/iw_hub_navigation) by extension 'ignore_ament_install'
[0.266s] Level 1:colcon.colcon_core.package_identification:_identify(jazzy_ws/src/navigation/iw_hub_navigation) by extensions ['colcon_pkg']
[0.266s] Level 1:colcon.colcon_core.package_identification:_identify(jazzy_ws/src/navigation/iw_hub_navigation) by extension 'colcon_pkg'
[0.266s] Level 1:colcon.colcon_core.package_identification:_identify(jazzy_ws/src/navigation/iw_hub_navigation) by extensions ['colcon_meta']
[0.266s] Level 1:colcon.colcon_core.package_identification:_identify(jazzy_ws/src/navigation/iw_hub_navigation) by extension 'colcon_meta'
[0.266s] Level 1:colcon.colcon_core.package_identification:_identify(jazzy_ws/src/navigation/iw_hub_navigation) by extensions ['ros']
[0.266s] Level 1:colcon.colcon_core.package_identification:_identify(jazzy_ws/src/navigation/iw_hub_navigation) by extension 'ros'
[0.267s] DEBUG:colcon.colcon_core.package_identification:Package 'jazzy_ws/src/navigation/iw_hub_navigation' with type 'ros.ament_cmake' and name 'iw_hub_navigation'
[0.267s] Level 1:colcon.colcon_core.package_identification:_identify(log) by extensions ['ignore', 'ignore_ament_install']
[0.267s] Level 1:colcon.colcon_core.package_identification:_identify(log) by extension 'ignore'
[0.267s] Level 1:colcon.colcon_core.package_identification:_identify(log) ignored
[0.267s] Level 1:colcon.colcon_core.package_discovery:discover_packages(recursive) using defaults
[0.267s] Level 1:colcon.colcon_core.package_discovery:discover_packages(ignore) discover
[0.267s] Level 1:colcon.colcon_core.package_discovery:discover_packages(ignore) using defaults
[0.267s] Level 1:colcon.colcon_core.package_discovery:discover_packages(path) discover
[0.267s] Level 1:colcon.colcon_core.package_discovery:discover_packages(path) using defaults
[0.288s] Level 1:colcon.colcon_core.package_discovery:discover_packages(prefix_path) check parameters
[0.289s] Level 1:colcon.colcon_core.package_discovery:discover_packages(prefix_path) discover
[0.291s] DEBUG:colcon.colcon_installed_package_information.package_discovery:Found 285 installed packages in /opt/ros/jazzy
[0.292s] Level 1:colcon.colcon_core.package_discovery:discover_packages(prefix_path) using defaults
[0.310s] ERROR:colcon:colcon build: Duplicate package names not supported:
- carter_navigation:
  - humble_ws/src/navigation/carter_navigation
  - jazzy_ws/src/navigation/carter_navigation
- cmdvel_to_ackermann:
  - humble_ws/src/ackermann_control/cmdvel_to_ackermann
  - jazzy_ws/src/ackermann_control/cmdvel_to_ackermann
- custom_message:
  - humble_ws/src/custom_message
  - jazzy_ws/src/custom_message
- h1_fullbody_controller:
  - humble_ws/src/humanoid_locomotion_policy_example/h1_fullbody_controller
  - jazzy_ws/src/humanoid_locomotion_policy_example/h1_fullbody_controller
- isaac_moveit:
  - humble_ws/src/moveit/isaac_moveit
  - jazzy_ws/src/moveit/isaac_moveit
- isaac_ros2_messages:
  - humble_ws/src/isaac_ros2_messages
  - jazzy_ws/src/isaac_ros2_messages
- isaac_ros_navigation_goal:
  - humble_ws/src/navigation/isaac_ros_navigation_goal
  - jazzy_ws/src/navigation/isaac_ros_navigation_goal
- isaac_tutorials:
  - humble_ws/src/isaac_tutorials
  - jazzy_ws/src/isaac_tutorials
- isaacsim:
  - humble_ws/src/isaacsim
  - jazzy_ws/src/isaacsim
- iw_hub_navigation:
  - humble_ws/src/navigation/iw_hub_navigation
  - jazzy_ws/src/navigation/iw_hub_navigation
- moveit_resources:
  - humble_ws/src/moveit/moveit_resources/moveit_resources
  - jazzy_ws/src/moveit/moveit_resources/moveit_resources
- moveit_resources_panda_description:
  - humble_ws/src/moveit/moveit_resources/panda_description
  - jazzy_ws/src/moveit/moveit_resources/panda_description
- moveit_resources_panda_moveit_config:
  - humble_ws/src/moveit/moveit_resources/panda_moveit_config
  - jazzy_ws/src/moveit/moveit_resources/panda_moveit_config
