[0.029s] Invoking command in '/root/IsaacSim-ros2_workspace/build/h1_fullbody_controller': CMAKE_PREFIX_PATH=${CMAKE_PREFIX_PATH}:/opt/ros/jazzy /usr/bin/cmake /root/IsaacSim-ros2_workspace/jazzy_ws/src/humanoid_locomotion_policy_example/h1_fullbody_controller -DCMAKE_INSTALL_PREFIX=/root/IsaacSim-ros2_workspace/install/h1_fullbody_controller
[0.207s] -- The C compiler identification is GNU 13.3.0
[0.377s] -- The CXX compiler identification is GNU 13.3.0
[0.508s] -- Detecting C compiler ABI info
[0.615s] -- Detecting C compiler ABI info - done
[0.621s] -- Check for working C compiler: /usr/bin/cc - skipped
[0.621s] -- Detecting C compile features
[0.622s] -- Detecting C compile features - done
[0.655s] -- Detecting CXX compiler ABI info
[0.756s] -- Detecting CXX compiler ABI info - done
[0.761s] -- Check for working CXX compiler: /usr/bin/c++ - skipped
[0.761s] -- Detecting CXX compile features
[0.762s] -- Detecting CXX compile features - done
[0.763s] -- Found ament_cmake: 2.5.4 (/opt/ros/jazzy/share/ament_cmake/cmake)
[0.843s] -- Found Python3: /usr/bin/python3 (found version "3.12.3") found components: Interpreter 
[0.902s] -- Found rclpy: 7.1.6 (/opt/ros/jazzy/share/rclpy/cmake)
[0.903s] -- Found geometry_msgs: 5.3.6 (/opt/ros/jazzy/share/geometry_msgs/cmake)
[0.980s] -- Found rosidl_generator_c: 4.6.6 (/opt/ros/jazzy/share/rosidl_generator_c/cmake)
[0.985s] -- Found rosidl_generator_cpp: 4.6.6 (/opt/ros/jazzy/share/rosidl_generator_cpp/cmake)
[0.994s] -- Using all available rosidl_typesupport_c: rosidl_typesupport_fastrtps_c;rosidl_typesupport_introspection_c
[1.004s] -- Using all available rosidl_typesupport_cpp: rosidl_typesupport_fastrtps_cpp;rosidl_typesupport_introspection_cpp
[1.039s] -- Found sensor_msgs: 5.3.6 (/opt/ros/jazzy/share/sensor_msgs/cmake)
[1.120s] -- Configuring done (1.1s)
[1.125s] -- Generating done (0.0s)
[1.127s] -- Build files have been written to: /root/IsaacSim-ros2_workspace/build/h1_fullbody_controller
[1.133s] Invoked command in '/root/IsaacSim-ros2_workspace/build/h1_fullbody_controller' returned '0': CMAKE_PREFIX_PATH=${CMAKE_PREFIX_PATH}:/opt/ros/jazzy /usr/bin/cmake /root/IsaacSim-ros2_workspace/jazzy_ws/src/humanoid_locomotion_policy_example/h1_fullbody_controller -DCMAKE_INSTALL_PREFIX=/root/IsaacSim-ros2_workspace/install/h1_fullbody_controller
[1.134s] Invoking command in '/root/IsaacSim-ros2_workspace/build/h1_fullbody_controller': CMAKE_PREFIX_PATH=${CMAKE_PREFIX_PATH}:/opt/ros/jazzy /usr/bin/cmake --build /root/IsaacSim-ros2_workspace/build/h1_fullbody_controller -- -j32 -l32
[1.153s] Invoked command in '/root/IsaacSim-ros2_workspace/build/h1_fullbody_controller' returned '0': CMAKE_PREFIX_PATH=${CMAKE_PREFIX_PATH}:/opt/ros/jazzy /usr/bin/cmake --build /root/IsaacSim-ros2_workspace/build/h1_fullbody_controller -- -j32 -l32
[1.154s] Invoking command in '/root/IsaacSim-ros2_workspace/build/h1_fullbody_controller': CMAKE_PREFIX_PATH=${CMAKE_PREFIX_PATH}:/opt/ros/jazzy /usr/bin/cmake --install /root/IsaacSim-ros2_workspace/build/h1_fullbody_controller
[1.157s] -- Install configuration: ""
[1.157s] -- Installing: /root/IsaacSim-ros2_workspace/install/h1_fullbody_controller/share/h1_fullbody_controller/scripts
[1.157s] -- Installing: /root/IsaacSim-ros2_workspace/install/h1_fullbody_controller/share/h1_fullbody_controller/scripts/h1_fullbody_controller.py
[1.158s] -- Installing: /root/IsaacSim-ros2_workspace/install/h1_fullbody_controller/share/h1_fullbody_controller/scripts/__init__.py
[1.158s] -- Installing: /root/IsaacSim-ros2_workspace/install/h1_fullbody_controller/share/h1_fullbody_controller/launch
[1.158s] -- Installing: /root/IsaacSim-ros2_workspace/install/h1_fullbody_controller/share/h1_fullbody_controller/launch/h1_fullbody_controller.launch.py
[1.158s] -- Installing: /root/IsaacSim-ros2_workspace/install/h1_fullbody_controller/share/h1_fullbody_controller/policy
[1.158s] -- Installing: /root/IsaacSim-ros2_workspace/install/h1_fullbody_controller/share/h1_fullbody_controller/policy/h1_env.yaml
[1.159s] -- Installing: /root/IsaacSim-ros2_workspace/install/h1_fullbody_controller/share/h1_fullbody_controller/policy/h1_policy.pt
[1.159s] -- Installing: /root/IsaacSim-ros2_workspace/install/h1_fullbody_controller/lib/h1_fullbody_controller/h1_fullbody_controller.py
[1.160s] -- Installing: /root/IsaacSim-ros2_workspace/install/h1_fullbody_controller/share/ament_index/resource_index/package_run_dependencies/h1_fullbody_controller
[1.160s] -- Installing: /root/IsaacSim-ros2_workspace/install/h1_fullbody_controller/share/ament_index/resource_index/parent_prefix_path/h1_fullbody_controller
[1.160s] -- Installing: /root/IsaacSim-ros2_workspace/install/h1_fullbody_controller/share/h1_fullbody_controller/environment/ament_prefix_path.sh
[1.160s] -- Installing: /root/IsaacSim-ros2_workspace/install/h1_fullbody_controller/share/h1_fullbody_controller/environment/ament_prefix_path.dsv
[1.161s] -- Installing: /root/IsaacSim-ros2_workspace/install/h1_fullbody_controller/share/h1_fullbody_controller/environment/path.sh
[1.161s] -- Installing: /root/IsaacSim-ros2_workspace/install/h1_fullbody_controller/share/h1_fullbody_controller/environment/path.dsv
[1.161s] -- Installing: /root/IsaacSim-ros2_workspace/install/h1_fullbody_controller/share/h1_fullbody_controller/local_setup.bash
[1.161s] -- Installing: /root/IsaacSim-ros2_workspace/install/h1_fullbody_controller/share/h1_fullbody_controller/local_setup.sh
[1.161s] -- Installing: /root/IsaacSim-ros2_workspace/install/h1_fullbody_controller/share/h1_fullbody_controller/local_setup.zsh
[1.162s] -- Installing: /root/IsaacSim-ros2_workspace/install/h1_fullbody_controller/share/h1_fullbody_controller/local_setup.dsv
[1.162s] -- Installing: /root/IsaacSim-ros2_workspace/install/h1_fullbody_controller/share/h1_fullbody_controller/package.dsv
[1.162s] -- Installing: /root/IsaacSim-ros2_workspace/install/h1_fullbody_controller/share/ament_index/resource_index/packages/h1_fullbody_controller
[1.162s] -- Installing: /root/IsaacSim-ros2_workspace/install/h1_fullbody_controller/share/h1_fullbody_controller/cmake/h1_fullbody_controllerConfig.cmake
[1.162s] -- Installing: /root/IsaacSim-ros2_workspace/install/h1_fullbody_controller/share/h1_fullbody_controller/cmake/h1_fullbody_controllerConfig-version.cmake
[1.162s] -- Installing: /root/IsaacSim-ros2_workspace/install/h1_fullbody_controller/share/h1_fullbody_controller/package.xml
[1.164s] Invoked command in '/root/IsaacSim-ros2_workspace/build/h1_fullbody_controller' returned '0': CMAKE_PREFIX_PATH=${CMAKE_PREFIX_PATH}:/opt/ros/jazzy /usr/bin/cmake --install /root/IsaacSim-ros2_workspace/build/h1_fullbody_controller
