running egg_info
creating ../../../../build/isaac_ros_navigation_goal/isaac_ros_navigation_goal.egg-info
writing ../../../../build/isaac_ros_navigation_goal/isaac_ros_navigation_goal.egg-info/PKG-INFO
writing dependency_links to ../../../../build/isaac_ros_navigation_goal/isaac_ros_navigation_goal.egg-info/dependency_links.txt
writing entry points to ../../../../build/isaac_ros_navigation_goal/isaac_ros_navigation_goal.egg-info/entry_points.txt
writing requirements to ../../../../build/isaac_ros_navigation_goal/isaac_ros_navigation_goal.egg-info/requires.txt
writing top-level names to ../../../../build/isaac_ros_navigation_goal/isaac_ros_navigation_goal.egg-info/top_level.txt
writing manifest file '../../../../build/isaac_ros_navigation_goal/isaac_ros_navigation_goal.egg-info/SOURCES.txt'
reading manifest file '../../../../build/isaac_ros_navigation_goal/isaac_ros_navigation_goal.egg-info/SOURCES.txt'
writing manifest file '../../../../build/isaac_ros_navigation_goal/isaac_ros_navigation_goal.egg-info/SOURCES.txt'
running build
running build_py
creating /root/IsaacSim-ros2_workspace/build/isaac_ros_navigation_goal/build
creating /root/IsaacSim-ros2_workspace/build/isaac_ros_navigation_goal/build/lib
creating /root/IsaacSim-ros2_workspace/build/isaac_ros_navigation_goal/build/lib/isaac_ros_navigation_goal
copying isaac_ros_navigation_goal/obstacle_map.py -> /root/IsaacSim-ros2_workspace/build/isaac_ros_navigation_goal/build/lib/isaac_ros_navigation_goal
copying isaac_ros_navigation_goal/set_goal.py -> /root/IsaacSim-ros2_workspace/build/isaac_ros_navigation_goal/build/lib/isaac_ros_navigation_goal
copying isaac_ros_navigation_goal/__init__.py -> /root/IsaacSim-ros2_workspace/build/isaac_ros_navigation_goal/build/lib/isaac_ros_navigation_goal
creating /root/IsaacSim-ros2_workspace/build/isaac_ros_navigation_goal/build/lib/isaac_ros_navigation_goal/goal_generators
copying isaac_ros_navigation_goal/goal_generators/goal_reader.py -> /root/IsaacSim-ros2_workspace/build/isaac_ros_navigation_goal/build/lib/isaac_ros_navigation_goal/goal_generators
copying isaac_ros_navigation_goal/goal_generators/goal_generator.py -> /root/IsaacSim-ros2_workspace/build/isaac_ros_navigation_goal/build/lib/isaac_ros_navigation_goal/goal_generators
copying isaac_ros_navigation_goal/goal_generators/__init__.py -> /root/IsaacSim-ros2_workspace/build/isaac_ros_navigation_goal/build/lib/isaac_ros_navigation_goal/goal_generators
copying isaac_ros_navigation_goal/goal_generators/random_goal_generator.py -> /root/IsaacSim-ros2_workspace/build/isaac_ros_navigation_goal/build/lib/isaac_ros_navigation_goal/goal_generators
running install
running install_lib
creating /root/IsaacSim-ros2_workspace/install/isaac_ros_navigation_goal/lib/python3.12/site-packages/isaac_ros_navigation_goal
copying /root/IsaacSim-ros2_workspace/build/isaac_ros_navigation_goal/build/lib/isaac_ros_navigation_goal/obstacle_map.py -> /root/IsaacSim-ros2_workspace/install/isaac_ros_navigation_goal/lib/python3.12/site-packages/isaac_ros_navigation_goal
copying /root/IsaacSim-ros2_workspace/build/isaac_ros_navigation_goal/build/lib/isaac_ros_navigation_goal/set_goal.py -> /root/IsaacSim-ros2_workspace/install/isaac_ros_navigation_goal/lib/python3.12/site-packages/isaac_ros_navigation_goal
copying /root/IsaacSim-ros2_workspace/build/isaac_ros_navigation_goal/build/lib/isaac_ros_navigation_goal/__init__.py -> /root/IsaacSim-ros2_workspace/install/isaac_ros_navigation_goal/lib/python3.12/site-packages/isaac_ros_navigation_goal
creating /root/IsaacSim-ros2_workspace/install/isaac_ros_navigation_goal/lib/python3.12/site-packages/isaac_ros_navigation_goal/goal_generators
copying /root/IsaacSim-ros2_workspace/build/isaac_ros_navigation_goal/build/lib/isaac_ros_navigation_goal/goal_generators/goal_reader.py -> /root/IsaacSim-ros2_workspace/install/isaac_ros_navigation_goal/lib/python3.12/site-packages/isaac_ros_navigation_goal/goal_generators
copying /root/IsaacSim-ros2_workspace/build/isaac_ros_navigation_goal/build/lib/isaac_ros_navigation_goal/goal_generators/goal_generator.py -> /root/IsaacSim-ros2_workspace/install/isaac_ros_navigation_goal/lib/python3.12/site-packages/isaac_ros_navigation_goal/goal_generators
copying /root/IsaacSim-ros2_workspace/build/isaac_ros_navigation_goal/build/lib/isaac_ros_navigation_goal/goal_generators/__init__.py -> /root/IsaacSim-ros2_workspace/install/isaac_ros_navigation_goal/lib/python3.12/site-packages/isaac_ros_navigation_goal/goal_generators
copying /root/IsaacSim-ros2_workspace/build/isaac_ros_navigation_goal/build/lib/isaac_ros_navigation_goal/goal_generators/random_goal_generator.py -> /root/IsaacSim-ros2_workspace/install/isaac_ros_navigation_goal/lib/python3.12/site-packages/isaac_ros_navigation_goal/goal_generators
byte-compiling /root/IsaacSim-ros2_workspace/install/isaac_ros_navigation_goal/lib/python3.12/site-packages/isaac_ros_navigation_goal/obstacle_map.py to obstacle_map.cpython-312.pyc
byte-compiling /root/IsaacSim-ros2_workspace/install/isaac_ros_navigation_goal/lib/python3.12/site-packages/isaac_ros_navigation_goal/set_goal.py to set_goal.cpython-312.pyc
byte-compiling /root/IsaacSim-ros2_workspace/install/isaac_ros_navigation_goal/lib/python3.12/site-packages/isaac_ros_navigation_goal/__init__.py to __init__.cpython-312.pyc
byte-compiling /root/IsaacSim-ros2_workspace/install/isaac_ros_navigation_goal/lib/python3.12/site-packages/isaac_ros_navigation_goal/goal_generators/goal_reader.py to goal_reader.cpython-312.pyc
byte-compiling /root/IsaacSim-ros2_workspace/install/isaac_ros_navigation_goal/lib/python3.12/site-packages/isaac_ros_navigation_goal/goal_generators/goal_generator.py to goal_generator.cpython-312.pyc
byte-compiling /root/IsaacSim-ros2_workspace/install/isaac_ros_navigation_goal/lib/python3.12/site-packages/isaac_ros_navigation_goal/goal_generators/__init__.py to __init__.cpython-312.pyc
byte-compiling /root/IsaacSim-ros2_workspace/install/isaac_ros_navigation_goal/lib/python3.12/site-packages/isaac_ros_navigation_goal/goal_generators/random_goal_generator.py to random_goal_generator.cpython-312.pyc
running install_data
creating /root/IsaacSim-ros2_workspace/install/isaac_ros_navigation_goal/share/ament_index
creating /root/IsaacSim-ros2_workspace/install/isaac_ros_navigation_goal/share/ament_index/resource_index
creating /root/IsaacSim-ros2_workspace/install/isaac_ros_navigation_goal/share/ament_index/resource_index/packages
copying resource/isaac_ros_navigation_goal -> /root/IsaacSim-ros2_workspace/install/isaac_ros_navigation_goal/share/ament_index/resource_index/packages
copying package.xml -> /root/IsaacSim-ros2_workspace/install/isaac_ros_navigation_goal/share/isaac_ros_navigation_goal
creating /root/IsaacSim-ros2_workspace/install/isaac_ros_navigation_goal/share/isaac_ros_navigation_goal/launch
copying launch/isaac_ros_navigation_goal.launch.py -> /root/IsaacSim-ros2_workspace/install/isaac_ros_navigation_goal/share/isaac_ros_navigation_goal/launch
creating /root/IsaacSim-ros2_workspace/install/isaac_ros_navigation_goal/share/isaac_ros_navigation_goal/assets
copying assets/goals.txt -> /root/IsaacSim-ros2_workspace/install/isaac_ros_navigation_goal/share/isaac_ros_navigation_goal/assets
copying assets/carter_warehouse_navigation.yaml -> /root/IsaacSim-ros2_workspace/install/isaac_ros_navigation_goal/share/isaac_ros_navigation_goal/assets
copying assets/carter_warehouse_navigation.png -> /root/IsaacSim-ros2_workspace/install/isaac_ros_navigation_goal/share/isaac_ros_navigation_goal/assets
running install_egg_info
Copying ../../../../build/isaac_ros_navigation_goal/isaac_ros_navigation_goal.egg-info to /root/IsaacSim-ros2_workspace/install/isaac_ros_navigation_goal/lib/python3.12/site-packages/isaac_ros_navigation_goal-0.0.1-py3.12.egg-info
running install_scripts
Installing SetNavigationGoal script to /root/IsaacSim-ros2_workspace/install/isaac_ros_navigation_goal/lib/isaac_ros_navigation_goal
writing list of installed files to '/root/IsaacSim-ros2_workspace/build/isaac_ros_navigation_goal/install.log'
