[0.032s] Invoking command in '/root/IsaacSim-ros2_workspace/build/moveit_resources_panda_description': CMAKE_PREFIX_PATH=${CMAKE_PREFIX_PATH}:/opt/ros/jazzy /usr/bin/cmake /root/IsaacSim-ros2_workspace/jazzy_ws/src/moveit/moveit_resources/panda_description -DCMAKE_INSTALL_PREFIX=/root/IsaacSim-ros2_workspace/install/moveit_resources_panda_description
[0.224s] -- The C compiler identification is GNU 13.3.0
[0.430s] -- The CXX compiler identification is GNU 13.3.0
[0.576s] -- Detecting C compiler ABI info
[0.685s] -- Detecting C compiler ABI info - done
[0.690s] -- Check for working C compiler: /usr/bin/cc - skipped
[0.690s] -- Detecting C compile features
[0.690s] -- Detecting C compile features - done
[0.721s] -- Detecting CXX compiler ABI info
[0.840s] -- Detecting CXX compiler ABI info - done
[0.845s] -- Check for working CXX compiler: /usr/bin/c++ - skipped
[0.845s] -- Detecting CXX compile features
[0.846s] -- Detecting CXX compile features - done
[0.847s] -- Found ament_cmake: 2.5.4 (/opt/ros/jazzy/share/ament_cmake/cmake)
[0.932s] -- Found Python3: /usr/bin/python3 (found version "3.12.3") found components: Interpreter 
[1.047s] -- Configuring done (1.0s)
[1.051s] -- Generating done (0.0s)
[1.053s] -- Build files have been written to: /root/IsaacSim-ros2_workspace/build/moveit_resources_panda_description
[1.071s] Invoked command in '/root/IsaacSim-ros2_workspace/build/moveit_resources_panda_description' returned '0': CMAKE_PREFIX_PATH=${CMAKE_PREFIX_PATH}:/opt/ros/jazzy /usr/bin/cmake /root/IsaacSim-ros2_workspace/jazzy_ws/src/moveit/moveit_resources/panda_description -DCMAKE_INSTALL_PREFIX=/root/IsaacSim-ros2_workspace/install/moveit_resources_panda_description
[1.072s] Invoking command in '/root/IsaacSim-ros2_workspace/build/moveit_resources_panda_description': CMAKE_PREFIX_PATH=${CMAKE_PREFIX_PATH}:/opt/ros/jazzy /usr/bin/cmake --build /root/IsaacSim-ros2_workspace/build/moveit_resources_panda_description -- -j32 -l32
[1.085s] Invoked command in '/root/IsaacSim-ros2_workspace/build/moveit_resources_panda_description' returned '0': CMAKE_PREFIX_PATH=${CMAKE_PREFIX_PATH}:/opt/ros/jazzy /usr/bin/cmake --build /root/IsaacSim-ros2_workspace/build/moveit_resources_panda_description -- -j32 -l32
[1.085s] Invoking command in '/root/IsaacSim-ros2_workspace/build/moveit_resources_panda_description': CMAKE_PREFIX_PATH=${CMAKE_PREFIX_PATH}:/opt/ros/jazzy /usr/bin/cmake --install /root/IsaacSim-ros2_workspace/build/moveit_resources_panda_description
[1.089s] -- Install configuration: ""
[1.091s] -- Installing: /root/IsaacSim-ros2_workspace/install/moveit_resources_panda_description/share/ament_index/resource_index/package_run_dependencies/moveit_resources_panda_description
[1.092s] -- Installing: /root/IsaacSim-ros2_workspace/install/moveit_resources_panda_description/share/ament_index/resource_index/parent_prefix_path/moveit_resources_panda_description
[1.093s] -- Installing: /root/IsaacSim-ros2_workspace/install/moveit_resources_panda_description/share/moveit_resources_panda_description/environment/ament_prefix_path.sh
[1.093s] -- Installing: /root/IsaacSim-ros2_workspace/install/moveit_resources_panda_description/share/moveit_resources_panda_description/environment/ament_prefix_path.dsv
[1.093s] -- Installing: /root/IsaacSim-ros2_workspace/install/moveit_resources_panda_description/share/moveit_resources_panda_description/environment/path.sh
[1.093s] -- Installing: /root/IsaacSim-ros2_workspace/install/moveit_resources_panda_description/share/moveit_resources_panda_description/environment/path.dsv
[1.094s] -- Installing: /root/IsaacSim-ros2_workspace/install/moveit_resources_panda_description/share/moveit_resources_panda_description/local_setup.bash
[1.094s] -- Installing: /root/IsaacSim-ros2_workspace/install/moveit_resources_panda_description/share/moveit_resources_panda_description/local_setup.sh
[1.094s] -- Installing: /root/IsaacSim-ros2_workspace/install/moveit_resources_panda_description/share/moveit_resources_panda_description/local_setup.zsh
[1.095s] -- Installing: /root/IsaacSim-ros2_workspace/install/moveit_resources_panda_description/share/moveit_resources_panda_description/local_setup.dsv
[1.095s] -- Installing: /root/IsaacSim-ros2_workspace/install/moveit_resources_panda_description/share/moveit_resources_panda_description/package.dsv
[1.095s] -- Installing: /root/IsaacSim-ros2_workspace/install/moveit_resources_panda_description/share/ament_index/resource_index/packages/moveit_resources_panda_description
[1.095s] -- Installing: /root/IsaacSim-ros2_workspace/install/moveit_resources_panda_description/share/moveit_resources_panda_description/cmake/moveit_resources_panda_descriptionConfig.cmake
[1.095s] -- Installing: /root/IsaacSim-ros2_workspace/install/moveit_resources_panda_description/share/moveit_resources_panda_description/cmake/moveit_resources_panda_descriptionConfig-version.cmake
[1.096s] -- Installing: /root/IsaacSim-ros2_workspace/install/moveit_resources_panda_description/share/moveit_resources_panda_description/package.xml
[1.096s] -- Installing: /root/IsaacSim-ros2_workspace/install/moveit_resources_panda_description/share/moveit_resources_panda_description/meshes
[1.099s] -- Installing: /root/IsaacSim-ros2_workspace/install/moveit_resources_panda_description/share/moveit_resources_panda_description/meshes/visual
[1.099s] -- Installing: /root/IsaacSim-ros2_workspace/install/moveit_resources_panda_description/share/moveit_resources_panda_description/meshes/visual/link7.dae
[1.099s] -- Installing: /root/IsaacSim-ros2_workspace/install/moveit_resources_panda_description/share/moveit_resources_panda_description/meshes/visual/link0.dae
[1.100s] -- Installing: /root/IsaacSim-ros2_workspace/install/moveit_resources_panda_description/share/moveit_resources_panda_description/meshes/visual/hand.dae
[1.100s] -- Installing: /root/IsaacSim-ros2_workspace/install/moveit_resources_panda_description/share/moveit_resources_panda_description/meshes/visual/link2.dae
[1.100s] -- Installing: /root/IsaacSim-ros2_workspace/install/moveit_resources_panda_description/share/moveit_resources_panda_description/meshes/visual/link6.dae
[1.101s] -- Installing: /root/IsaacSim-ros2_workspace/install/moveit_resources_panda_description/share/moveit_resources_panda_description/meshes/visual/link5.dae
[1.101s] -- Installing: /root/IsaacSim-ros2_workspace/install/moveit_resources_panda_description/share/moveit_resources_panda_description/meshes/visual/finger.dae
[1.101s] -- Installing: /root/IsaacSim-ros2_workspace/install/moveit_resources_panda_description/share/moveit_resources_panda_description/meshes/visual/link4.dae
[1.101s] -- Installing: /root/IsaacSim-ros2_workspace/install/moveit_resources_panda_description/share/moveit_resources_panda_description/meshes/visual/link3.dae
[1.101s] -- Installing: /root/IsaacSim-ros2_workspace/install/moveit_resources_panda_description/share/moveit_resources_panda_description/meshes/visual/link1.dae
[1.102s] -- Installing: /root/IsaacSim-ros2_workspace/install/moveit_resources_panda_description/share/moveit_resources_panda_description/meshes/collision
[1.102s] -- Installing: /root/IsaacSim-ros2_workspace/install/moveit_resources_panda_description/share/moveit_resources_panda_description/meshes/collision/finger.stl
[1.102s] -- Installing: /root/IsaacSim-ros2_workspace/install/moveit_resources_panda_description/share/moveit_resources_panda_description/meshes/collision/link0.stl
[1.103s] -- Installing: /root/IsaacSim-ros2_workspace/install/moveit_resources_panda_description/share/moveit_resources_panda_description/meshes/collision/link7.stl
[1.103s] -- Installing: /root/IsaacSim-ros2_workspace/install/moveit_resources_panda_description/share/moveit_resources_panda_description/meshes/collision/link5.stl
[1.103s] -- Installing: /root/IsaacSim-ros2_workspace/install/moveit_resources_panda_description/share/moveit_resources_panda_description/meshes/collision/link1.stl
[1.103s] -- Installing: /root/IsaacSim-ros2_workspace/install/moveit_resources_panda_description/share/moveit_resources_panda_description/meshes/collision/link3.stl
[1.103s] -- Installing: /root/IsaacSim-ros2_workspace/install/moveit_resources_panda_description/share/moveit_resources_panda_description/meshes/collision/link4.stl
[1.104s] -- Installing: /root/IsaacSim-ros2_workspace/install/moveit_resources_panda_description/share/moveit_resources_panda_description/meshes/collision/link6.stl
[1.105s] -- Installing: /root/IsaacSim-ros2_workspace/install/moveit_resources_panda_description/share/moveit_resources_panda_description/meshes/collision/hand.stl
[1.106s] -- Installing: /root/IsaacSim-ros2_workspace/install/moveit_resources_panda_description/share/moveit_resources_panda_description/meshes/collision/link2.stl
[1.106s] -- Installing: /root/IsaacSim-ros2_workspace/install/moveit_resources_panda_description/share/moveit_resources_panda_description/urdf
[1.106s] -- Installing: /root/IsaacSim-ros2_workspace/install/moveit_resources_panda_description/share/moveit_resources_panda_description/urdf/panda.urdf
[1.116s] Invoked command in '/root/IsaacSim-ros2_workspace/build/moveit_resources_panda_description' returned '0': CMAKE_PREFIX_PATH=${CMAKE_PREFIX_PATH}:/opt/ros/jazzy /usr/bin/cmake --install /root/IsaacSim-ros2_workspace/build/moveit_resources_panda_description
