[0.138s] Invoking command in '/root/IsaacSim-ros2_workspace/build/isaacsim': CMAKE_PREFIX_PATH=${CMAKE_PREFIX_PATH}:/opt/ros/jazzy /usr/bin/cmake /root/IsaacSim-ros2_workspace/jazzy_ws/src/isaacsim -DCMAKE_INSTALL_PREFIX=/root/IsaacSim-ros2_workspace/install/isaacsim
[0.199s] -- The C compiler identification is GNU 13.3.0
[0.361s] -- The CXX compiler identification is GNU 13.3.0
[0.499s] -- Detecting C compiler ABI info
[0.606s] -- Detecting C compiler ABI info - done
[0.612s] -- Check for working C compiler: /usr/bin/cc - skipped
[0.612s] -- Detecting C compile features
[0.612s] -- Detecting C compile features - done
[0.647s] -- Detecting CXX compiler ABI info
[0.746s] -- Detecting CXX compiler ABI info - done
[0.751s] -- Check for working CXX compiler: /usr/bin/c++ - skipped
[0.751s] -- Detecting CXX compile features
[0.751s] -- Detecting CXX compile features - done
[0.753s] -- Found ament_cmake: 2.5.4 (/opt/ros/jazzy/share/ament_cmake/cmake)
[0.833s] -- Found Python3: /usr/bin/python3 (found version "3.12.3") found components: Interpreter 
[0.893s] -- Found rclpy: 7.1.6 (/opt/ros/jazzy/share/rclpy/cmake)
[0.951s] -- Configuring done (0.8s)
[0.954s] -- Generating done (0.0s)
[0.956s] -- Build files have been written to: /root/IsaacSim-ros2_workspace/build/isaacsim
[0.961s] Invoked command in '/root/IsaacSim-ros2_workspace/build/isaacsim' returned '0': CMAKE_PREFIX_PATH=${CMAKE_PREFIX_PATH}:/opt/ros/jazzy /usr/bin/cmake /root/IsaacSim-ros2_workspace/jazzy_ws/src/isaacsim -DCMAKE_INSTALL_PREFIX=/root/IsaacSim-ros2_workspace/install/isaacsim
[0.962s] Invoking command in '/root/IsaacSim-ros2_workspace/build/isaacsim': CMAKE_PREFIX_PATH=${CMAKE_PREFIX_PATH}:/opt/ros/jazzy /usr/bin/cmake --build /root/IsaacSim-ros2_workspace/build/isaacsim -- -j32 -l32
[0.984s] Invoked command in '/root/IsaacSim-ros2_workspace/build/isaacsim' returned '0': CMAKE_PREFIX_PATH=${CMAKE_PREFIX_PATH}:/opt/ros/jazzy /usr/bin/cmake --build /root/IsaacSim-ros2_workspace/build/isaacsim -- -j32 -l32
[0.991s] Invoking command in '/root/IsaacSim-ros2_workspace/build/isaacsim': CMAKE_PREFIX_PATH=${CMAKE_PREFIX_PATH}:/opt/ros/jazzy /usr/bin/cmake --install /root/IsaacSim-ros2_workspace/build/isaacsim
[0.995s] -- Install configuration: ""
[0.995s] -- Installing: /root/IsaacSim-ros2_workspace/install/isaacsim/share/isaacsim/scripts
[0.995s] -- Installing: /root/IsaacSim-ros2_workspace/install/isaacsim/share/isaacsim/scripts/open_isaacsim_stage.py
[0.995s] -- Installing: /root/IsaacSim-ros2_workspace/install/isaacsim/share/isaacsim/scripts/run_isaacsim.py
[0.995s] -- Installing: /root/IsaacSim-ros2_workspace/install/isaacsim/share/isaacsim/launch
[0.995s] -- Installing: /root/IsaacSim-ros2_workspace/install/isaacsim/share/isaacsim/launch/run_isaacsim.launch.py
[0.996s] -- Installing: /root/IsaacSim-ros2_workspace/install/isaacsim/lib/isaacsim/run_isaacsim.py
[0.996s] -- Installing: /root/IsaacSim-ros2_workspace/install/isaacsim/lib/isaacsim/open_isaacsim_stage.py
[0.997s] -- Installing: /root/IsaacSim-ros2_workspace/install/isaacsim/share/ament_index/resource_index/package_run_dependencies/isaacsim
[0.997s] -- Installing: /root/IsaacSim-ros2_workspace/install/isaacsim/share/ament_index/resource_index/parent_prefix_path/isaacsim
[0.997s] -- Installing: /root/IsaacSim-ros2_workspace/install/isaacsim/share/isaacsim/environment/ament_prefix_path.sh
[0.998s] -- Installing: /root/IsaacSim-ros2_workspace/install/isaacsim/share/isaacsim/environment/ament_prefix_path.dsv
[0.998s] -- Installing: /root/IsaacSim-ros2_workspace/install/isaacsim/share/isaacsim/environment/path.sh
[0.998s] -- Installing: /root/IsaacSim-ros2_workspace/install/isaacsim/share/isaacsim/environment/path.dsv
[0.999s] -- Installing: /root/IsaacSim-ros2_workspace/install/isaacsim/share/isaacsim/local_setup.bash
[0.999s] -- Installing: /root/IsaacSim-ros2_workspace/install/isaacsim/share/isaacsim/local_setup.sh
[0.999s] -- Installing: /root/IsaacSim-ros2_workspace/install/isaacsim/share/isaacsim/local_setup.zsh
[0.999s] -- Installing: /root/IsaacSim-ros2_workspace/install/isaacsim/share/isaacsim/local_setup.dsv
[0.999s] -- Installing: /root/IsaacSim-ros2_workspace/install/isaacsim/share/isaacsim/package.dsv
[1.000s] -- Installing: /root/IsaacSim-ros2_workspace/install/isaacsim/share/ament_index/resource_index/packages/isaacsim
[1.000s] -- Installing: /root/IsaacSim-ros2_workspace/install/isaacsim/share/isaacsim/cmake/isaacsimConfig.cmake
[1.001s] -- Installing: /root/IsaacSim-ros2_workspace/install/isaacsim/share/isaacsim/cmake/isaacsimConfig-version.cmake
[1.001s] -- Installing: /root/IsaacSim-ros2_workspace/install/isaacsim/share/isaacsim/package.xml
[1.005s] Invoked command in '/root/IsaacSim-ros2_workspace/build/isaacsim' returned '0': CMAKE_PREFIX_PATH=${CMAKE_PREFIX_PATH}:/opt/ros/jazzy /usr/bin/cmake --install /root/IsaacSim-ros2_workspace/build/isaacsim
